The system is: Linux - 3.10.0-229.7.2.el7.x86_64 - x86_64
Compiling the C compiler identification source file "CMakeCCompilerId.c" succeeded.
Compiler: /bin/cc 
Build flags: 
Id flags:  

The output was:
0


Compilation of the C compiler identification source "CMakeCCompilerId.c" produced "a.out"

The C compiler identification is GNU, found in "/software/relion-2.1_gaoxing/cmake-build-debug/CMakeFiles/3.9.6/CompilerIdC/a.out"

Compiling the CXX compiler identification source file "CMakeCXXCompilerId.cpp" succeeded.
Compiler: /bin/c++ 
Build flags: 
Id flags:  

The output was:
0


Compilation of the CXX compiler identification source "CMakeCXXCompilerId.cpp" produced "a.out"

The CXX compiler identification is GNU, found in "/software/relion-2.1_gaoxing/cmake-build-debug/CMakeFiles/3.9.6/CompilerIdCXX/a.out"

Determining if the C compiler works passed with the following output:
Change Dir: /software/relion-2.1_gaoxing/cmake-build-debug/CMakeFiles/CMakeTmp

Run Build Command:"/bin/gmake" "cmTC_4e2f3/fast"
/bin/gmake -f CMakeFiles/cmTC_4e2f3.dir/build.make CMakeFiles/cmTC_4e2f3.dir/build
gmake[1]: Entering directory `/software/relion-2.1_gaoxing/cmake-build-debug/CMakeFiles/CMakeTmp'
Building C object CMakeFiles/cmTC_4e2f3.dir/testCCompiler.c.o
/bin/cc    -o CMakeFiles/cmTC_4e2f3.dir/testCCompiler.c.o   -c /software/relion-2.1_gaoxing/cmake-build-debug/CMakeFiles/CMakeTmp/testCCompiler.c
Linking C executable cmTC_4e2f3
/software/clion-2017.3.1/bin/cmake/bin/cmake -E cmake_link_script CMakeFiles/cmTC_4e2f3.dir/link.txt --verbose=1
/bin/cc      -rdynamic CMakeFiles/cmTC_4e2f3.dir/testCCompiler.c.o  -o cmTC_4e2f3 
gmake[1]: Leaving directory `/software/relion-2.1_gaoxing/cmake-build-debug/CMakeFiles/CMakeTmp'


Detecting C compiler ABI info compiled with the following output:
Change Dir: /software/relion-2.1_gaoxing/cmake-build-debug/CMakeFiles/CMakeTmp

Run Build Command:"/bin/gmake" "cmTC_d4e6c/fast"
/bin/gmake -f CMakeFiles/cmTC_d4e6c.dir/build.make CMakeFiles/cmTC_d4e6c.dir/build
gmake[1]: Entering directory `/software/relion-2.1_gaoxing/cmake-build-debug/CMakeFiles/CMakeTmp'
Building C object CMakeFiles/cmTC_d4e6c.dir/CMakeCCompilerABI.c.o
/bin/cc    -o CMakeFiles/cmTC_d4e6c.dir/CMakeCCompilerABI.c.o   -c /software/clion-2017.3.1/bin/cmake/share/cmake-3.9/Modules/CMakeCCompilerABI.c
Linking C executable cmTC_d4e6c
/software/clion-2017.3.1/bin/cmake/bin/cmake -E cmake_link_script CMakeFiles/cmTC_d4e6c.dir/link.txt --verbose=1
/bin/cc     -v -rdynamic CMakeFiles/cmTC_d4e6c.dir/CMakeCCompilerABI.c.o  -o cmTC_d4e6c 
Using built-in specs.
COLLECT_GCC=/bin/cc
COLLECT_LTO_WRAPPER=/usr/libexec/gcc/x86_64-redhat-linux/4.8.3/lto-wrapper
Target: x86_64-redhat-linux
Configured with: ../configure --prefix=/usr --mandir=/usr/share/man --infodir=/usr/share/info --with-bugurl=http://bugzilla.redhat.com/bugzilla --enable-bootstrap --enable-shared --enable-threads=posix --enable-checking=release --with-system-zlib --enable-__cxa_atexit --disable-libunwind-exceptions --enable-gnu-unique-object --enable-linker-build-id --with-linker-hash-style=gnu --enable-languages=c,c++,objc,obj-c++,java,fortran,ada,go,lto --enable-plugin --enable-initfini-array --disable-libgcj --with-isl=/builddir/build/BUILD/gcc-4.8.3-20140911/obj-x86_64-redhat-linux/isl-install --with-cloog=/builddir/build/BUILD/gcc-4.8.3-20140911/obj-x86_64-redhat-linux/cloog-install --enable-gnu-indirect-function --with-tune=generic --with-arch_32=x86-64 --build=x86_64-redhat-linux
Thread model: posix
gcc version 4.8.3 20140911 (Red Hat 4.8.3-9) (GCC) 
COMPILER_PATH=/usr/libexec/gcc/x86_64-redhat-linux/4.8.3/:/usr/libexec/gcc/x86_64-redhat-linux/4.8.3/:/usr/libexec/gcc/x86_64-redhat-linux/:/usr/lib/gcc/x86_64-redhat-linux/4.8.3/:/usr/lib/gcc/x86_64-redhat-linux/
LIBRARY_PATH=/usr/lib/gcc/x86_64-redhat-linux/4.8.3/:/usr/lib/gcc/x86_64-redhat-linux/4.8.3/../../../../lib64/:/lib/../lib64/:/usr/lib/../lib64/:/usr/lib/gcc/x86_64-redhat-linux/4.8.3/../../../:/lib/:/usr/lib/
COLLECT_GCC_OPTIONS='-v' '-rdynamic' '-o' 'cmTC_d4e6c' '-mtune=generic' '-march=x86-64'
 /usr/libexec/gcc/x86_64-redhat-linux/4.8.3/collect2 --build-id --no-add-needed --eh-frame-hdr --hash-style=gnu -m elf_x86_64 -export-dynamic -dynamic-linker /lib64/ld-linux-x86-64.so.2 -o cmTC_d4e6c /usr/lib/gcc/x86_64-redhat-linux/4.8.3/../../../../lib64/crt1.o /usr/lib/gcc/x86_64-redhat-linux/4.8.3/../../../../lib64/crti.o /usr/lib/gcc/x86_64-redhat-linux/4.8.3/crtbegin.o -L/usr/lib/gcc/x86_64-redhat-linux/4.8.3 -L/usr/lib/gcc/x86_64-redhat-linux/4.8.3/../../../../lib64 -L/lib/../lib64 -L/usr/lib/../lib64 -L/usr/lib/gcc/x86_64-redhat-linux/4.8.3/../../.. CMakeFiles/cmTC_d4e6c.dir/CMakeCCompilerABI.c.o -lgcc --as-needed -lgcc_s --no-as-needed -lc -lgcc --as-needed -lgcc_s --no-as-needed /usr/lib/gcc/x86_64-redhat-linux/4.8.3/crtend.o /usr/lib/gcc/x86_64-redhat-linux/4.8.3/../../../../lib64/crtn.o
gmake[1]: Leaving directory `/software/relion-2.1_gaoxing/cmake-build-debug/CMakeFiles/CMakeTmp'


Parsed C implicit link information from above output:
  link line regex: [^( *|.*[/\])(ld|CMAKE_LINK_STARTFILE-NOTFOUND|([^/\]+-)?ld|collect2)[^/\]*( |$)]
  ignore line: [Change Dir: /software/relion-2.1_gaoxing/cmake-build-debug/CMakeFiles/CMakeTmp]
  ignore line: []
  ignore line: [Run Build Command:"/bin/gmake" "cmTC_d4e6c/fast"]
  ignore line: [/bin/gmake -f CMakeFiles/cmTC_d4e6c.dir/build.make CMakeFiles/cmTC_d4e6c.dir/build]
  ignore line: [gmake[1]: Entering directory `/software/relion-2.1_gaoxing/cmake-build-debug/CMakeFiles/CMakeTmp']
  ignore line: [Building C object CMakeFiles/cmTC_d4e6c.dir/CMakeCCompilerABI.c.o]
  ignore line: [/bin/cc    -o CMakeFiles/cmTC_d4e6c.dir/CMakeCCompilerABI.c.o   -c /software/clion-2017.3.1/bin/cmake/share/cmake-3.9/Modules/CMakeCCompilerABI.c]
  ignore line: [Linking C executable cmTC_d4e6c]
  ignore line: [/software/clion-2017.3.1/bin/cmake/bin/cmake -E cmake_link_script CMakeFiles/cmTC_d4e6c.dir/link.txt --verbose=1]
  ignore line: [/bin/cc     -v -rdynamic CMakeFiles/cmTC_d4e6c.dir/CMakeCCompilerABI.c.o  -o cmTC_d4e6c ]
  ignore line: [Using built-in specs.]
  ignore line: [COLLECT_GCC=/bin/cc]
  ignore line: [COLLECT_LTO_WRAPPER=/usr/libexec/gcc/x86_64-redhat-linux/4.8.3/lto-wrapper]
  ignore line: [Target: x86_64-redhat-linux]
  ignore line: [Configured with: ../configure --prefix=/usr --mandir=/usr/share/man --infodir=/usr/share/info --with-bugurl=http://bugzilla.redhat.com/bugzilla --enable-bootstrap --enable-shared --enable-threads=posix --enable-checking=release --with-system-zlib --enable-__cxa_atexit --disable-libunwind-exceptions --enable-gnu-unique-object --enable-linker-build-id --with-linker-hash-style=gnu --enable-languages=c,c++,objc,obj-c++,java,fortran,ada,go,lto --enable-plugin --enable-initfini-array --disable-libgcj --with-isl=/builddir/build/BUILD/gcc-4.8.3-20140911/obj-x86_64-redhat-linux/isl-install --with-cloog=/builddir/build/BUILD/gcc-4.8.3-20140911/obj-x86_64-redhat-linux/cloog-install --enable-gnu-indirect-function --with-tune=generic --with-arch_32=x86-64 --build=x86_64-redhat-linux]
  ignore line: [Thread model: posix]
  ignore line: [gcc version 4.8.3 20140911 (Red Hat 4.8.3-9) (GCC) ]
  ignore line: [COMPILER_PATH=/usr/libexec/gcc/x86_64-redhat-linux/4.8.3/:/usr/libexec/gcc/x86_64-redhat-linux/4.8.3/:/usr/libexec/gcc/x86_64-redhat-linux/:/usr/lib/gcc/x86_64-redhat-linux/4.8.3/:/usr/lib/gcc/x86_64-redhat-linux/]
  ignore line: [LIBRARY_PATH=/usr/lib/gcc/x86_64-redhat-linux/4.8.3/:/usr/lib/gcc/x86_64-redhat-linux/4.8.3/../../../../lib64/:/lib/../lib64/:/usr/lib/../lib64/:/usr/lib/gcc/x86_64-redhat-linux/4.8.3/../../../:/lib/:/usr/lib/]
  ignore line: [COLLECT_GCC_OPTIONS='-v' '-rdynamic' '-o' 'cmTC_d4e6c' '-mtune=generic' '-march=x86-64']
  link line: [ /usr/libexec/gcc/x86_64-redhat-linux/4.8.3/collect2 --build-id --no-add-needed --eh-frame-hdr --hash-style=gnu -m elf_x86_64 -export-dynamic -dynamic-linker /lib64/ld-linux-x86-64.so.2 -o cmTC_d4e6c /usr/lib/gcc/x86_64-redhat-linux/4.8.3/../../../../lib64/crt1.o /usr/lib/gcc/x86_64-redhat-linux/4.8.3/../../../../lib64/crti.o /usr/lib/gcc/x86_64-redhat-linux/4.8.3/crtbegin.o -L/usr/lib/gcc/x86_64-redhat-linux/4.8.3 -L/usr/lib/gcc/x86_64-redhat-linux/4.8.3/../../../../lib64 -L/lib/../lib64 -L/usr/lib/../lib64 -L/usr/lib/gcc/x86_64-redhat-linux/4.8.3/../../.. CMakeFiles/cmTC_d4e6c.dir/CMakeCCompilerABI.c.o -lgcc --as-needed -lgcc_s --no-as-needed -lc -lgcc --as-needed -lgcc_s --no-as-needed /usr/lib/gcc/x86_64-redhat-linux/4.8.3/crtend.o /usr/lib/gcc/x86_64-redhat-linux/4.8.3/../../../../lib64/crtn.o]
    arg [/usr/libexec/gcc/x86_64-redhat-linux/4.8.3/collect2] ==> ignore
    arg [--build-id] ==> ignore
    arg [--no-add-needed] ==> ignore
    arg [--eh-frame-hdr] ==> ignore
    arg [--hash-style=gnu] ==> ignore
    arg [-m] ==> ignore
    arg [elf_x86_64] ==> ignore
    arg [-export-dynamic] ==> ignore
    arg [-dynamic-linker] ==> ignore
    arg [/lib64/ld-linux-x86-64.so.2] ==> ignore
    arg [-o] ==> ignore
    arg [cmTC_d4e6c] ==> ignore
    arg [/usr/lib/gcc/x86_64-redhat-linux/4.8.3/../../../../lib64/crt1.o] ==> ignore
    arg [/usr/lib/gcc/x86_64-redhat-linux/4.8.3/../../../../lib64/crti.o] ==> ignore
    arg [/usr/lib/gcc/x86_64-redhat-linux/4.8.3/crtbegin.o] ==> ignore
    arg [-L/usr/lib/gcc/x86_64-redhat-linux/4.8.3] ==> dir [/usr/lib/gcc/x86_64-redhat-linux/4.8.3]
    arg [-L/usr/lib/gcc/x86_64-redhat-linux/4.8.3/../../../../lib64] ==> dir [/usr/lib/gcc/x86_64-redhat-linux/4.8.3/../../../../lib64]
    arg [-L/lib/../lib64] ==> dir [/lib/../lib64]
    arg [-L/usr/lib/../lib64] ==> dir [/usr/lib/../lib64]
    arg [-L/usr/lib/gcc/x86_64-redhat-linux/4.8.3/../../..] ==> dir [/usr/lib/gcc/x86_64-redhat-linux/4.8.3/../../..]
    arg [CMakeFiles/cmTC_d4e6c.dir/CMakeCCompilerABI.c.o] ==> ignore
    arg [-lgcc] ==> lib [gcc]
    arg [--as-needed] ==> ignore
    arg [-lgcc_s] ==> lib [gcc_s]
    arg [--no-as-needed] ==> ignore
    arg [-lc] ==> lib [c]
    arg [-lgcc] ==> lib [gcc]
    arg [--as-needed] ==> ignore
    arg [-lgcc_s] ==> lib [gcc_s]
    arg [--no-as-needed] ==> ignore
    arg [/usr/lib/gcc/x86_64-redhat-linux/4.8.3/crtend.o] ==> ignore
    arg [/usr/lib/gcc/x86_64-redhat-linux/4.8.3/../../../../lib64/crtn.o] ==> ignore
  collapse library dir [/usr/lib/gcc/x86_64-redhat-linux/4.8.3] ==> [/usr/lib/gcc/x86_64-redhat-linux/4.8.3]
  collapse library dir [/usr/lib/gcc/x86_64-redhat-linux/4.8.3/../../../../lib64] ==> [/usr/lib64]
  collapse library dir [/lib/../lib64] ==> [/lib64]
  collapse library dir [/usr/lib/../lib64] ==> [/usr/lib64]
  collapse library dir [/usr/lib/gcc/x86_64-redhat-linux/4.8.3/../../..] ==> [/usr/lib]
  implicit libs: [gcc;gcc_s;c;gcc;gcc_s]
  implicit dirs: [/usr/lib/gcc/x86_64-redhat-linux/4.8.3;/usr/lib64;/lib64;/usr/lib]
  implicit fwks: []




Detecting C [-std=c11] compiler features compiled with the following output:
Change Dir: /software/relion-2.1_gaoxing/cmake-build-debug/CMakeFiles/CMakeTmp

Run Build Command:"/bin/gmake" "cmTC_6ecb6/fast"
/bin/gmake -f CMakeFiles/cmTC_6ecb6.dir/build.make CMakeFiles/cmTC_6ecb6.dir/build
gmake[1]: Entering directory `/software/relion-2.1_gaoxing/cmake-build-debug/CMakeFiles/CMakeTmp'
Building C object CMakeFiles/cmTC_6ecb6.dir/feature_tests.c.o
/bin/cc   -std=c11 -o CMakeFiles/cmTC_6ecb6.dir/feature_tests.c.o   -c /software/relion-2.1_gaoxing/cmake-build-debug/CMakeFiles/feature_tests.c
Linking C executable cmTC_6ecb6
/software/clion-2017.3.1/bin/cmake/bin/cmake -E cmake_link_script CMakeFiles/cmTC_6ecb6.dir/link.txt --verbose=1
/bin/cc      -rdynamic CMakeFiles/cmTC_6ecb6.dir/feature_tests.c.o  -o cmTC_6ecb6 
gmake[1]: Leaving directory `/software/relion-2.1_gaoxing/cmake-build-debug/CMakeFiles/CMakeTmp'


    Feature record: C_FEATURE:1c_function_prototypes
    Feature record: C_FEATURE:1c_restrict
    Feature record: C_FEATURE:1c_static_assert
    Feature record: C_FEATURE:1c_variadic_macros


Detecting C [-std=c99] compiler features compiled with the following output:
Change Dir: /software/relion-2.1_gaoxing/cmake-build-debug/CMakeFiles/CMakeTmp

Run Build Command:"/bin/gmake" "cmTC_1181f/fast"
/bin/gmake -f CMakeFiles/cmTC_1181f.dir/build.make CMakeFiles/cmTC_1181f.dir/build
gmake[1]: Entering directory `/software/relion-2.1_gaoxing/cmake-build-debug/CMakeFiles/CMakeTmp'
Building C object CMakeFiles/cmTC_1181f.dir/feature_tests.c.o
/bin/cc   -std=c99 -o CMakeFiles/cmTC_1181f.dir/feature_tests.c.o   -c /software/relion-2.1_gaoxing/cmake-build-debug/CMakeFiles/feature_tests.c
Linking C executable cmTC_1181f
/software/clion-2017.3.1/bin/cmake/bin/cmake -E cmake_link_script CMakeFiles/cmTC_1181f.dir/link.txt --verbose=1
/bin/cc      -rdynamic CMakeFiles/cmTC_1181f.dir/feature_tests.c.o  -o cmTC_1181f 
gmake[1]: Leaving directory `/software/relion-2.1_gaoxing/cmake-build-debug/CMakeFiles/CMakeTmp'


    Feature record: C_FEATURE:1c_function_prototypes
    Feature record: C_FEATURE:1c_restrict
    Feature record: C_FEATURE:0c_static_assert
    Feature record: C_FEATURE:1c_variadic_macros


Detecting C [-std=c90] compiler features compiled with the following output:
Change Dir: /software/relion-2.1_gaoxing/cmake-build-debug/CMakeFiles/CMakeTmp

Run Build Command:"/bin/gmake" "cmTC_153b9/fast"
/bin/gmake -f CMakeFiles/cmTC_153b9.dir/build.make CMakeFiles/cmTC_153b9.dir/build
gmake[1]: Entering directory `/software/relion-2.1_gaoxing/cmake-build-debug/CMakeFiles/CMakeTmp'
Building C object CMakeFiles/cmTC_153b9.dir/feature_tests.c.o
/bin/cc   -std=c90 -o CMakeFiles/cmTC_153b9.dir/feature_tests.c.o   -c /software/relion-2.1_gaoxing/cmake-build-debug/CMakeFiles/feature_tests.c
Linking C executable cmTC_153b9
/software/clion-2017.3.1/bin/cmake/bin/cmake -E cmake_link_script CMakeFiles/cmTC_153b9.dir/link.txt --verbose=1
/bin/cc      -rdynamic CMakeFiles/cmTC_153b9.dir/feature_tests.c.o  -o cmTC_153b9 
gmake[1]: Leaving directory `/software/relion-2.1_gaoxing/cmake-build-debug/CMakeFiles/CMakeTmp'


    Feature record: C_FEATURE:1c_function_prototypes
    Feature record: C_FEATURE:0c_restrict
    Feature record: C_FEATURE:0c_static_assert
    Feature record: C_FEATURE:0c_variadic_macros
Determining if the CXX compiler works passed with the following output:
Change Dir: /software/relion-2.1_gaoxing/cmake-build-debug/CMakeFiles/CMakeTmp

Run Build Command:"/bin/gmake" "cmTC_3d776/fast"
/bin/gmake -f CMakeFiles/cmTC_3d776.dir/build.make CMakeFiles/cmTC_3d776.dir/build
gmake[1]: Entering directory `/software/relion-2.1_gaoxing/cmake-build-debug/CMakeFiles/CMakeTmp'
Building CXX object CMakeFiles/cmTC_3d776.dir/testCXXCompiler.cxx.o
/bin/c++     -o CMakeFiles/cmTC_3d776.dir/testCXXCompiler.cxx.o -c /software/relion-2.1_gaoxing/cmake-build-debug/CMakeFiles/CMakeTmp/testCXXCompiler.cxx
Linking CXX executable cmTC_3d776
/software/clion-2017.3.1/bin/cmake/bin/cmake -E cmake_link_script CMakeFiles/cmTC_3d776.dir/link.txt --verbose=1
/bin/c++       -rdynamic CMakeFiles/cmTC_3d776.dir/testCXXCompiler.cxx.o  -o cmTC_3d776 
gmake[1]: Leaving directory `/software/relion-2.1_gaoxing/cmake-build-debug/CMakeFiles/CMakeTmp'


Detecting CXX compiler ABI info compiled with the following output:
Change Dir: /software/relion-2.1_gaoxing/cmake-build-debug/CMakeFiles/CMakeTmp

Run Build Command:"/bin/gmake" "cmTC_f4138/fast"
/bin/gmake -f CMakeFiles/cmTC_f4138.dir/build.make CMakeFiles/cmTC_f4138.dir/build
gmake[1]: Entering directory `/software/relion-2.1_gaoxing/cmake-build-debug/CMakeFiles/CMakeTmp'
Building CXX object CMakeFiles/cmTC_f4138.dir/CMakeCXXCompilerABI.cpp.o
/bin/c++     -o CMakeFiles/cmTC_f4138.dir/CMakeCXXCompilerABI.cpp.o -c /software/clion-2017.3.1/bin/cmake/share/cmake-3.9/Modules/CMakeCXXCompilerABI.cpp
Linking CXX executable cmTC_f4138
/software/clion-2017.3.1/bin/cmake/bin/cmake -E cmake_link_script CMakeFiles/cmTC_f4138.dir/link.txt --verbose=1
/bin/c++      -v -rdynamic CMakeFiles/cmTC_f4138.dir/CMakeCXXCompilerABI.cpp.o  -o cmTC_f4138 
Using built-in specs.
COLLECT_GCC=/bin/c++
COLLECT_LTO_WRAPPER=/usr/libexec/gcc/x86_64-redhat-linux/4.8.3/lto-wrapper
Target: x86_64-redhat-linux
Configured with: ../configure --prefix=/usr --mandir=/usr/share/man --infodir=/usr/share/info --with-bugurl=http://bugzilla.redhat.com/bugzilla --enable-bootstrap --enable-shared --enable-threads=posix --enable-checking=release --with-system-zlib --enable-__cxa_atexit --disable-libunwind-exceptions --enable-gnu-unique-object --enable-linker-build-id --with-linker-hash-style=gnu --enable-languages=c,c++,objc,obj-c++,java,fortran,ada,go,lto --enable-plugin --enable-initfini-array --disable-libgcj --with-isl=/builddir/build/BUILD/gcc-4.8.3-20140911/obj-x86_64-redhat-linux/isl-install --with-cloog=/builddir/build/BUILD/gcc-4.8.3-20140911/obj-x86_64-redhat-linux/cloog-install --enable-gnu-indirect-function --with-tune=generic --with-arch_32=x86-64 --build=x86_64-redhat-linux
Thread model: posix
gcc version 4.8.3 20140911 (Red Hat 4.8.3-9) (GCC) 
COMPILER_PATH=/usr/libexec/gcc/x86_64-redhat-linux/4.8.3/:/usr/libexec/gcc/x86_64-redhat-linux/4.8.3/:/usr/libexec/gcc/x86_64-redhat-linux/:/usr/lib/gcc/x86_64-redhat-linux/4.8.3/:/usr/lib/gcc/x86_64-redhat-linux/
LIBRARY_PATH=/usr/lib/gcc/x86_64-redhat-linux/4.8.3/:/usr/lib/gcc/x86_64-redhat-linux/4.8.3/../../../../lib64/:/lib/../lib64/:/usr/lib/../lib64/:/usr/lib/gcc/x86_64-redhat-linux/4.8.3/../../../:/lib/:/usr/lib/
COLLECT_GCC_OPTIONS='-v' '-rdynamic' '-o' 'cmTC_f4138' '-shared-libgcc' '-mtune=generic' '-march=x86-64'
 /usr/libexec/gcc/x86_64-redhat-linux/4.8.3/collect2 --build-id --no-add-needed --eh-frame-hdr --hash-style=gnu -m elf_x86_64 -export-dynamic -dynamic-linker /lib64/ld-linux-x86-64.so.2 -o cmTC_f4138 /usr/lib/gcc/x86_64-redhat-linux/4.8.3/../../../../lib64/crt1.o /usr/lib/gcc/x86_64-redhat-linux/4.8.3/../../../../lib64/crti.o /usr/lib/gcc/x86_64-redhat-linux/4.8.3/crtbegin.o -L/usr/lib/gcc/x86_64-redhat-linux/4.8.3 -L/usr/lib/gcc/x86_64-redhat-linux/4.8.3/../../../../lib64 -L/lib/../lib64 -L/usr/lib/../lib64 -L/usr/lib/gcc/x86_64-redhat-linux/4.8.3/../../.. CMakeFiles/cmTC_f4138.dir/CMakeCXXCompilerABI.cpp.o -lstdc++ -lm -lgcc_s -lgcc -lc -lgcc_s -lgcc /usr/lib/gcc/x86_64-redhat-linux/4.8.3/crtend.o /usr/lib/gcc/x86_64-redhat-linux/4.8.3/../../../../lib64/crtn.o
gmake[1]: Leaving directory `/software/relion-2.1_gaoxing/cmake-build-debug/CMakeFiles/CMakeTmp'


Parsed CXX implicit link information from above output:
  link line regex: [^( *|.*[/\])(ld|CMAKE_LINK_STARTFILE-NOTFOUND|([^/\]+-)?ld|collect2)[^/\]*( |$)]
  ignore line: [Change Dir: /software/relion-2.1_gaoxing/cmake-build-debug/CMakeFiles/CMakeTmp]
  ignore line: []
  ignore line: [Run Build Command:"/bin/gmake" "cmTC_f4138/fast"]
  ignore line: [/bin/gmake -f CMakeFiles/cmTC_f4138.dir/build.make CMakeFiles/cmTC_f4138.dir/build]
  ignore line: [gmake[1]: Entering directory `/software/relion-2.1_gaoxing/cmake-build-debug/CMakeFiles/CMakeTmp']
  ignore line: [Building CXX object CMakeFiles/cmTC_f4138.dir/CMakeCXXCompilerABI.cpp.o]
  ignore line: [/bin/c++     -o CMakeFiles/cmTC_f4138.dir/CMakeCXXCompilerABI.cpp.o -c /software/clion-2017.3.1/bin/cmake/share/cmake-3.9/Modules/CMakeCXXCompilerABI.cpp]
  ignore line: [Linking CXX executable cmTC_f4138]
  ignore line: [/software/clion-2017.3.1/bin/cmake/bin/cmake -E cmake_link_script CMakeFiles/cmTC_f4138.dir/link.txt --verbose=1]
  ignore line: [/bin/c++      -v -rdynamic CMakeFiles/cmTC_f4138.dir/CMakeCXXCompilerABI.cpp.o  -o cmTC_f4138 ]
  ignore line: [Using built-in specs.]
  ignore line: [COLLECT_GCC=/bin/c++]
  ignore line: [COLLECT_LTO_WRAPPER=/usr/libexec/gcc/x86_64-redhat-linux/4.8.3/lto-wrapper]
  ignore line: [Target: x86_64-redhat-linux]
  ignore line: [Configured with: ../configure --prefix=/usr --mandir=/usr/share/man --infodir=/usr/share/info --with-bugurl=http://bugzilla.redhat.com/bugzilla --enable-bootstrap --enable-shared --enable-threads=posix --enable-checking=release --with-system-zlib --enable-__cxa_atexit --disable-libunwind-exceptions --enable-gnu-unique-object --enable-linker-build-id --with-linker-hash-style=gnu --enable-languages=c,c++,objc,obj-c++,java,fortran,ada,go,lto --enable-plugin --enable-initfini-array --disable-libgcj --with-isl=/builddir/build/BUILD/gcc-4.8.3-20140911/obj-x86_64-redhat-linux/isl-install --with-cloog=/builddir/build/BUILD/gcc-4.8.3-20140911/obj-x86_64-redhat-linux/cloog-install --enable-gnu-indirect-function --with-tune=generic --with-arch_32=x86-64 --build=x86_64-redhat-linux]
  ignore line: [Thread model: posix]
  ignore line: [gcc version 4.8.3 20140911 (Red Hat 4.8.3-9) (GCC) ]
  ignore line: [COMPILER_PATH=/usr/libexec/gcc/x86_64-redhat-linux/4.8.3/:/usr/libexec/gcc/x86_64-redhat-linux/4.8.3/:/usr/libexec/gcc/x86_64-redhat-linux/:/usr/lib/gcc/x86_64-redhat-linux/4.8.3/:/usr/lib/gcc/x86_64-redhat-linux/]
  ignore line: [LIBRARY_PATH=/usr/lib/gcc/x86_64-redhat-linux/4.8.3/:/usr/lib/gcc/x86_64-redhat-linux/4.8.3/../../../../lib64/:/lib/../lib64/:/usr/lib/../lib64/:/usr/lib/gcc/x86_64-redhat-linux/4.8.3/../../../:/lib/:/usr/lib/]
  ignore line: [COLLECT_GCC_OPTIONS='-v' '-rdynamic' '-o' 'cmTC_f4138' '-shared-libgcc' '-mtune=generic' '-march=x86-64']
  link line: [ /usr/libexec/gcc/x86_64-redhat-linux/4.8.3/collect2 --build-id --no-add-needed --eh-frame-hdr --hash-style=gnu -m elf_x86_64 -export-dynamic -dynamic-linker /lib64/ld-linux-x86-64.so.2 -o cmTC_f4138 /usr/lib/gcc/x86_64-redhat-linux/4.8.3/../../../../lib64/crt1.o /usr/lib/gcc/x86_64-redhat-linux/4.8.3/../../../../lib64/crti.o /usr/lib/gcc/x86_64-redhat-linux/4.8.3/crtbegin.o -L/usr/lib/gcc/x86_64-redhat-linux/4.8.3 -L/usr/lib/gcc/x86_64-redhat-linux/4.8.3/../../../../lib64 -L/lib/../lib64 -L/usr/lib/../lib64 -L/usr/lib/gcc/x86_64-redhat-linux/4.8.3/../../.. CMakeFiles/cmTC_f4138.dir/CMakeCXXCompilerABI.cpp.o -lstdc++ -lm -lgcc_s -lgcc -lc -lgcc_s -lgcc /usr/lib/gcc/x86_64-redhat-linux/4.8.3/crtend.o /usr/lib/gcc/x86_64-redhat-linux/4.8.3/../../../../lib64/crtn.o]
    arg [/usr/libexec/gcc/x86_64-redhat-linux/4.8.3/collect2] ==> ignore
    arg [--build-id] ==> ignore
    arg [--no-add-needed] ==> ignore
    arg [--eh-frame-hdr] ==> ignore
    arg [--hash-style=gnu] ==> ignore
    arg [-m] ==> ignore
    arg [elf_x86_64] ==> ignore
    arg [-export-dynamic] ==> ignore
    arg [-dynamic-linker] ==> ignore
    arg [/lib64/ld-linux-x86-64.so.2] ==> ignore
    arg [-o] ==> ignore
    arg [cmTC_f4138] ==> ignore
    arg [/usr/lib/gcc/x86_64-redhat-linux/4.8.3/../../../../lib64/crt1.o] ==> ignore
    arg [/usr/lib/gcc/x86_64-redhat-linux/4.8.3/../../../../lib64/crti.o] ==> ignore
    arg [/usr/lib/gcc/x86_64-redhat-linux/4.8.3/crtbegin.o] ==> ignore
    arg [-L/usr/lib/gcc/x86_64-redhat-linux/4.8.3] ==> dir [/usr/lib/gcc/x86_64-redhat-linux/4.8.3]
    arg [-L/usr/lib/gcc/x86_64-redhat-linux/4.8.3/../../../../lib64] ==> dir [/usr/lib/gcc/x86_64-redhat-linux/4.8.3/../../../../lib64]
    arg [-L/lib/../lib64] ==> dir [/lib/../lib64]
    arg [-L/usr/lib/../lib64] ==> dir [/usr/lib/../lib64]
    arg [-L/usr/lib/gcc/x86_64-redhat-linux/4.8.3/../../..] ==> dir [/usr/lib/gcc/x86_64-redhat-linux/4.8.3/../../..]
    arg [CMakeFiles/cmTC_f4138.dir/CMakeCXXCompilerABI.cpp.o] ==> ignore
    arg [-lstdc++] ==> lib [stdc++]
    arg [-lm] ==> lib [m]
    arg [-lgcc_s] ==> lib [gcc_s]
    arg [-lgcc] ==> lib [gcc]
    arg [-lc] ==> lib [c]
    arg [-lgcc_s] ==> lib [gcc_s]
    arg [-lgcc] ==> lib [gcc]
    arg [/usr/lib/gcc/x86_64-redhat-linux/4.8.3/crtend.o] ==> ignore
    arg [/usr/lib/gcc/x86_64-redhat-linux/4.8.3/../../../../lib64/crtn.o] ==> ignore
  collapse library dir [/usr/lib/gcc/x86_64-redhat-linux/4.8.3] ==> [/usr/lib/gcc/x86_64-redhat-linux/4.8.3]
  collapse library dir [/usr/lib/gcc/x86_64-redhat-linux/4.8.3/../../../../lib64] ==> [/usr/lib64]
  collapse library dir [/lib/../lib64] ==> [/lib64]
  collapse library dir [/usr/lib/../lib64] ==> [/usr/lib64]
  collapse library dir [/usr/lib/gcc/x86_64-redhat-linux/4.8.3/../../..] ==> [/usr/lib]
  implicit libs: [stdc++;m;gcc_s;gcc;c;gcc_s;gcc]
  implicit dirs: [/usr/lib/gcc/x86_64-redhat-linux/4.8.3;/usr/lib64;/lib64;/usr/lib]
  implicit fwks: []




Detecting CXX [-std=c++1y] compiler features compiled with the following output:
Change Dir: /software/relion-2.1_gaoxing/cmake-build-debug/CMakeFiles/CMakeTmp

Run Build Command:"/bin/gmake" "cmTC_47f4e/fast"
/bin/gmake -f CMakeFiles/cmTC_47f4e.dir/build.make CMakeFiles/cmTC_47f4e.dir/build
gmake[1]: Entering directory `/software/relion-2.1_gaoxing/cmake-build-debug/CMakeFiles/CMakeTmp'
Building CXX object CMakeFiles/cmTC_47f4e.dir/feature_tests.cxx.o
/bin/c++    -std=c++1y -o CMakeFiles/cmTC_47f4e.dir/feature_tests.cxx.o -c /software/relion-2.1_gaoxing/cmake-build-debug/CMakeFiles/feature_tests.cxx
Linking CXX executable cmTC_47f4e
/software/clion-2017.3.1/bin/cmake/bin/cmake -E cmake_link_script CMakeFiles/cmTC_47f4e.dir/link.txt --verbose=1
/bin/c++       -rdynamic CMakeFiles/cmTC_47f4e.dir/feature_tests.cxx.o  -o cmTC_47f4e 
gmake[1]: Leaving directory `/software/relion-2.1_gaoxing/cmake-build-debug/CMakeFiles/CMakeTmp'


    Feature record: CXX_FEATURE:0cxx_aggregate_default_initializers
    Feature record: CXX_FEATURE:1cxx_alias_templates
    Feature record: CXX_FEATURE:1cxx_alignas
    Feature record: CXX_FEATURE:1cxx_alignof
    Feature record: CXX_FEATURE:1cxx_attributes
    Feature record: CXX_FEATURE:0cxx_attribute_deprecated
    Feature record: CXX_FEATURE:1cxx_auto_type
    Feature record: CXX_FEATURE:0cxx_binary_literals
    Feature record: CXX_FEATURE:1cxx_constexpr
    Feature record: CXX_FEATURE:0cxx_contextual_conversions
    Feature record: CXX_FEATURE:1cxx_decltype
    Feature record: CXX_FEATURE:0cxx_decltype_auto
    Feature record: CXX_FEATURE:1cxx_decltype_incomplete_return_types
    Feature record: CXX_FEATURE:1cxx_default_function_template_args
    Feature record: CXX_FEATURE:1cxx_defaulted_functions
    Feature record: CXX_FEATURE:1cxx_defaulted_move_initializers
    Feature record: CXX_FEATURE:1cxx_delegating_constructors
    Feature record: CXX_FEATURE:1cxx_deleted_functions
    Feature record: CXX_FEATURE:0cxx_digit_separators
    Feature record: CXX_FEATURE:1cxx_enum_forward_declarations
    Feature record: CXX_FEATURE:1cxx_explicit_conversions
    Feature record: CXX_FEATURE:1cxx_extended_friend_declarations
    Feature record: CXX_FEATURE:1cxx_extern_templates
    Feature record: CXX_FEATURE:1cxx_final
    Feature record: CXX_FEATURE:1cxx_func_identifier
    Feature record: CXX_FEATURE:1cxx_generalized_initializers
    Feature record: CXX_FEATURE:0cxx_generic_lambdas
    Feature record: CXX_FEATURE:1cxx_inheriting_constructors
    Feature record: CXX_FEATURE:1cxx_inline_namespaces
    Feature record: CXX_FEATURE:1cxx_lambdas
    Feature record: CXX_FEATURE:0cxx_lambda_init_captures
    Feature record: CXX_FEATURE:1cxx_local_type_template_args
    Feature record: CXX_FEATURE:1cxx_long_long_type
    Feature record: CXX_FEATURE:1cxx_noexcept
    Feature record: CXX_FEATURE:1cxx_nonstatic_member_init
    Feature record: CXX_FEATURE:1cxx_nullptr
    Feature record: CXX_FEATURE:1cxx_override
    Feature record: CXX_FEATURE:1cxx_range_for
    Feature record: CXX_FEATURE:1cxx_raw_string_literals
    Feature record: CXX_FEATURE:1cxx_reference_qualified_functions
    Feature record: CXX_FEATURE:0cxx_relaxed_constexpr
    Feature record: CXX_FEATURE:0cxx_return_type_deduction
    Feature record: CXX_FEATURE:1cxx_right_angle_brackets
    Feature record: CXX_FEATURE:1cxx_rvalue_references
    Feature record: CXX_FEATURE:1cxx_sizeof_member
    Feature record: CXX_FEATURE:1cxx_static_assert
    Feature record: CXX_FEATURE:1cxx_strong_enums
    Feature record: CXX_FEATURE:1cxx_template_template_parameters
    Feature record: CXX_FEATURE:1cxx_thread_local
    Feature record: CXX_FEATURE:1cxx_trailing_return_types
    Feature record: CXX_FEATURE:1cxx_unicode_literals
    Feature record: CXX_FEATURE:1cxx_uniform_initialization
    Feature record: CXX_FEATURE:1cxx_unrestricted_unions
    Feature record: CXX_FEATURE:1cxx_user_literals
    Feature record: CXX_FEATURE:0cxx_variable_templates
    Feature record: CXX_FEATURE:1cxx_variadic_macros
    Feature record: CXX_FEATURE:1cxx_variadic_templates


Detecting CXX [-std=c++11] compiler features compiled with the following output:
Change Dir: /software/relion-2.1_gaoxing/cmake-build-debug/CMakeFiles/CMakeTmp

Run Build Command:"/bin/gmake" "cmTC_478b8/fast"
/bin/gmake -f CMakeFiles/cmTC_478b8.dir/build.make CMakeFiles/cmTC_478b8.dir/build
gmake[1]: Entering directory `/software/relion-2.1_gaoxing/cmake-build-debug/CMakeFiles/CMakeTmp'
Building CXX object CMakeFiles/cmTC_478b8.dir/feature_tests.cxx.o
/bin/c++    -std=c++11 -o CMakeFiles/cmTC_478b8.dir/feature_tests.cxx.o -c /software/relion-2.1_gaoxing/cmake-build-debug/CMakeFiles/feature_tests.cxx
Linking CXX executable cmTC_478b8
/software/clion-2017.3.1/bin/cmake/bin/cmake -E cmake_link_script CMakeFiles/cmTC_478b8.dir/link.txt --verbose=1
/bin/c++       -rdynamic CMakeFiles/cmTC_478b8.dir/feature_tests.cxx.o  -o cmTC_478b8 
gmake[1]: Leaving directory `/software/relion-2.1_gaoxing/cmake-build-debug/CMakeFiles/CMakeTmp'


    Feature record: CXX_FEATURE:0cxx_aggregate_default_initializers
    Feature record: CXX_FEATURE:1cxx_alias_templates
    Feature record: CXX_FEATURE:1cxx_alignas
    Feature record: CXX_FEATURE:1cxx_alignof
    Feature record: CXX_FEATURE:1cxx_attributes
    Feature record: CXX_FEATURE:0cxx_attribute_deprecated
    Feature record: CXX_FEATURE:1cxx_auto_type
    Feature record: CXX_FEATURE:0cxx_binary_literals
    Feature record: CXX_FEATURE:1cxx_constexpr
    Feature record: CXX_FEATURE:0cxx_contextual_conversions
    Feature record: CXX_FEATURE:1cxx_decltype
    Feature record: CXX_FEATURE:0cxx_decltype_auto
    Feature record: CXX_FEATURE:1cxx_decltype_incomplete_return_types
    Feature record: CXX_FEATURE:1cxx_default_function_template_args
    Feature record: CXX_FEATURE:1cxx_defaulted_functions
    Feature record: CXX_FEATURE:1cxx_defaulted_move_initializers
    Feature record: CXX_FEATURE:1cxx_delegating_constructors
    Feature record: CXX_FEATURE:1cxx_deleted_functions
    Feature record: CXX_FEATURE:0cxx_digit_separators
    Feature record: CXX_FEATURE:1cxx_enum_forward_declarations
    Feature record: CXX_FEATURE:1cxx_explicit_conversions
    Feature record: CXX_FEATURE:1cxx_extended_friend_declarations
    Feature record: CXX_FEATURE:1cxx_extern_templates
    Feature record: CXX_FEATURE:1cxx_final
    Feature record: CXX_FEATURE:1cxx_func_identifier
    Feature record: CXX_FEATURE:1cxx_generalized_initializers
    Feature record: CXX_FEATURE:0cxx_generic_lambdas
    Feature record: CXX_FEATURE:1cxx_inheriting_constructors
    Feature record: CXX_FEATURE:1cxx_inline_namespaces
    Feature record: CXX_FEATURE:1cxx_lambdas
    Feature record: CXX_FEATURE:0cxx_lambda_init_captures
    Feature record: CXX_FEATURE:1cxx_local_type_template_args
    Feature record: CXX_FEATURE:1cxx_long_long_type
    Feature record: CXX_FEATURE:1cxx_noexcept
    Feature record: CXX_FEATURE:1cxx_nonstatic_member_init
    Feature record: CXX_FEATURE:1cxx_nullptr
    Feature record: CXX_FEATURE:1cxx_override
    Feature record: CXX_FEATURE:1cxx_range_for
    Feature record: CXX_FEATURE:1cxx_raw_string_literals
    Feature record: CXX_FEATURE:1cxx_reference_qualified_functions
    Feature record: CXX_FEATURE:0cxx_relaxed_constexpr
    Feature record: CXX_FEATURE:0cxx_return_type_deduction
    Feature record: CXX_FEATURE:1cxx_right_angle_brackets
    Feature record: CXX_FEATURE:1cxx_rvalue_references
    Feature record: CXX_FEATURE:1cxx_sizeof_member
    Feature record: CXX_FEATURE:1cxx_static_assert
    Feature record: CXX_FEATURE:1cxx_strong_enums
    Feature record: CXX_FEATURE:1cxx_template_template_parameters
    Feature record: CXX_FEATURE:1cxx_thread_local
    Feature record: CXX_FEATURE:1cxx_trailing_return_types
    Feature record: CXX_FEATURE:1cxx_unicode_literals
    Feature record: CXX_FEATURE:1cxx_uniform_initialization
    Feature record: CXX_FEATURE:1cxx_unrestricted_unions
    Feature record: CXX_FEATURE:1cxx_user_literals
    Feature record: CXX_FEATURE:0cxx_variable_templates
    Feature record: CXX_FEATURE:1cxx_variadic_macros
    Feature record: CXX_FEATURE:1cxx_variadic_templates


Detecting CXX [-std=c++98] compiler features compiled with the following output:
Change Dir: /software/relion-2.1_gaoxing/cmake-build-debug/CMakeFiles/CMakeTmp

Run Build Command:"/bin/gmake" "cmTC_b0f14/fast"
/bin/gmake -f CMakeFiles/cmTC_b0f14.dir/build.make CMakeFiles/cmTC_b0f14.dir/build
gmake[1]: Entering directory `/software/relion-2.1_gaoxing/cmake-build-debug/CMakeFiles/CMakeTmp'
Building CXX object CMakeFiles/cmTC_b0f14.dir/feature_tests.cxx.o
/bin/c++    -std=c++98 -o CMakeFiles/cmTC_b0f14.dir/feature_tests.cxx.o -c /software/relion-2.1_gaoxing/cmake-build-debug/CMakeFiles/feature_tests.cxx
Linking CXX executable cmTC_b0f14
/software/clion-2017.3.1/bin/cmake/bin/cmake -E cmake_link_script CMakeFiles/cmTC_b0f14.dir/link.txt --verbose=1
/bin/c++       -rdynamic CMakeFiles/cmTC_b0f14.dir/feature_tests.cxx.o  -o cmTC_b0f14 
gmake[1]: Leaving directory `/software/relion-2.1_gaoxing/cmake-build-debug/CMakeFiles/CMakeTmp'


    Feature record: CXX_FEATURE:0cxx_aggregate_default_initializers
    Feature record: CXX_FEATURE:0cxx_alias_templates
    Feature record: CXX_FEATURE:0cxx_alignas
    Feature record: CXX_FEATURE:0cxx_alignof
    Feature record: CXX_FEATURE:0cxx_attributes
    Feature record: CXX_FEATURE:0cxx_attribute_deprecated
    Feature record: CXX_FEATURE:0cxx_auto_type
    Feature record: CXX_FEATURE:0cxx_binary_literals
    Feature record: CXX_FEATURE:0cxx_constexpr
    Feature record: CXX_FEATURE:0cxx_contextual_conversions
    Feature record: CXX_FEATURE:0cxx_decltype
    Feature record: CXX_FEATURE:0cxx_decltype_auto
    Feature record: CXX_FEATURE:0cxx_decltype_incomplete_return_types
    Feature record: CXX_FEATURE:0cxx_default_function_template_args
    Feature record: CXX_FEATURE:0cxx_defaulted_functions
    Feature record: CXX_FEATURE:0cxx_defaulted_move_initializers
    Feature record: CXX_FEATURE:0cxx_delegating_constructors
    Feature record: CXX_FEATURE:0cxx_deleted_functions
    Feature record: CXX_FEATURE:0cxx_digit_separators
    Feature record: CXX_FEATURE:0cxx_enum_forward_declarations
    Feature record: CXX_FEATURE:0cxx_explicit_conversions
    Feature record: CXX_FEATURE:0cxx_extended_friend_declarations
    Feature record: CXX_FEATURE:0cxx_extern_templates
    Feature record: CXX_FEATURE:0cxx_final
    Feature record: CXX_FEATURE:0cxx_func_identifier
    Feature record: CXX_FEATURE:0cxx_generalized_initializers
    Feature record: CXX_FEATURE:0cxx_generic_lambdas
    Feature record: CXX_FEATURE:0cxx_inheriting_constructors
    Feature record: CXX_FEATURE:0cxx_inline_namespaces
    Feature record: CXX_FEATURE:0cxx_lambdas
    Feature record: CXX_FEATURE:0cxx_lambda_init_captures
    Feature record: CXX_FEATURE:0cxx_local_type_template_args
    Feature record: CXX_FEATURE:0cxx_long_long_type
    Feature record: CXX_FEATURE:0cxx_noexcept
    Feature record: CXX_FEATURE:0cxx_nonstatic_member_init
    Feature record: CXX_FEATURE:0cxx_nullptr
    Feature record: CXX_FEATURE:0cxx_override
    Feature record: CXX_FEATURE:0cxx_range_for
    Feature record: CXX_FEATURE:0cxx_raw_string_literals
    Feature record: CXX_FEATURE:0cxx_reference_qualified_functions
    Feature record: CXX_FEATURE:0cxx_relaxed_constexpr
    Feature record: CXX_FEATURE:0cxx_return_type_deduction
    Feature record: CXX_FEATURE:0cxx_right_angle_brackets
    Feature record: CXX_FEATURE:0cxx_rvalue_references
    Feature record: CXX_FEATURE:0cxx_sizeof_member
    Feature record: CXX_FEATURE:0cxx_static_assert
    Feature record: CXX_FEATURE:0cxx_strong_enums
    Feature record: CXX_FEATURE:1cxx_template_template_parameters
    Feature record: CXX_FEATURE:0cxx_thread_local
    Feature record: CXX_FEATURE:0cxx_trailing_return_types
    Feature record: CXX_FEATURE:0cxx_unicode_literals
    Feature record: CXX_FEATURE:0cxx_uniform_initialization
    Feature record: CXX_FEATURE:0cxx_unrestricted_unions
    Feature record: CXX_FEATURE:0cxx_user_literals
    Feature record: CXX_FEATURE:0cxx_variable_templates
    Feature record: CXX_FEATURE:0cxx_variadic_macros
    Feature record: CXX_FEATURE:0cxx_variadic_templates
Determining if the include file pthread.h exists passed with the following output:
Change Dir: /software/relion-2.1_gaoxing/cmake-build-debug/CMakeFiles/CMakeTmp

Run Build Command:"/bin/gmake" "cmTC_76d9e/fast"
/bin/gmake -f CMakeFiles/cmTC_76d9e.dir/build.make CMakeFiles/cmTC_76d9e.dir/build
gmake[1]: Entering directory `/software/relion-2.1_gaoxing/cmake-build-debug/CMakeFiles/CMakeTmp'
Building C object CMakeFiles/cmTC_76d9e.dir/CheckIncludeFile.c.o
/bin/cc   -fPIC    -o CMakeFiles/cmTC_76d9e.dir/CheckIncludeFile.c.o   -c /software/relion-2.1_gaoxing/cmake-build-debug/CMakeFiles/CMakeTmp/CheckIncludeFile.c
Linking C executable cmTC_76d9e
/software/clion-2017.3.1/bin/cmake/bin/cmake -E cmake_link_script CMakeFiles/cmTC_76d9e.dir/link.txt --verbose=1
/bin/cc -fPIC     -rdynamic CMakeFiles/cmTC_76d9e.dir/CheckIncludeFile.c.o  -o cmTC_76d9e 
gmake[1]: Leaving directory `/software/relion-2.1_gaoxing/cmake-build-debug/CMakeFiles/CMakeTmp'


Determining if the function pthread_create exists in the pthread passed with the following output:
Change Dir: /software/relion-2.1_gaoxing/cmake-build-debug/CMakeFiles/CMakeTmp

Run Build Command:"/bin/gmake" "cmTC_e60ab/fast"
/bin/gmake -f CMakeFiles/cmTC_e60ab.dir/build.make CMakeFiles/cmTC_e60ab.dir/build
gmake[1]: Entering directory `/software/relion-2.1_gaoxing/cmake-build-debug/CMakeFiles/CMakeTmp'
Building C object CMakeFiles/cmTC_e60ab.dir/CheckFunctionExists.c.o
/bin/cc   -fPIC -DCHECK_FUNCTION_EXISTS=pthread_create   -o CMakeFiles/cmTC_e60ab.dir/CheckFunctionExists.c.o   -c /software/clion-2017.3.1/bin/cmake/share/cmake-3.9/Modules/CheckFunctionExists.c
Linking C executable cmTC_e60ab
/software/clion-2017.3.1/bin/cmake/bin/cmake -E cmake_link_script CMakeFiles/cmTC_e60ab.dir/link.txt --verbose=1
/bin/cc -fPIC -DCHECK_FUNCTION_EXISTS=pthread_create    -rdynamic CMakeFiles/cmTC_e60ab.dir/CheckFunctionExists.c.o  -o cmTC_e60ab -lpthread 
gmake[1]: Leaving directory `/software/relion-2.1_gaoxing/cmake-build-debug/CMakeFiles/CMakeTmp'


Determining if the function XOpenDisplay exists in the /usr/lib64/libX11.so;/usr/lib64/libXext.so passed with the following output:
Change Dir: /software/relion-2.1_gaoxing/cmake-build-debug/CMakeFiles/CMakeTmp

Run Build Command:"/bin/gmake" "cmTC_2b633/fast"
/bin/gmake -f CMakeFiles/cmTC_2b633.dir/build.make CMakeFiles/cmTC_2b633.dir/build
gmake[1]: Entering directory `/software/relion-2.1_gaoxing/cmake-build-debug/CMakeFiles/CMakeTmp'
Building C object CMakeFiles/cmTC_2b633.dir/CheckFunctionExists.c.o
/bin/cc   -DCHECK_FUNCTION_EXISTS=XOpenDisplay   -o CMakeFiles/cmTC_2b633.dir/CheckFunctionExists.c.o   -c /software/clion-2017.3.1/bin/cmake/share/cmake-3.9/Modules/CheckFunctionExists.c
Linking C executable cmTC_2b633
/software/clion-2017.3.1/bin/cmake/bin/cmake -E cmake_link_script CMakeFiles/cmTC_2b633.dir/link.txt --verbose=1
/bin/cc  -DCHECK_FUNCTION_EXISTS=XOpenDisplay    -rdynamic CMakeFiles/cmTC_2b633.dir/CheckFunctionExists.c.o  -o cmTC_2b633 /usr/lib64/libX11.so /usr/lib64/libXext.so 
gmake[1]: Leaving directory `/software/relion-2.1_gaoxing/cmake-build-debug/CMakeFiles/CMakeTmp'


Determining if the function gethostbyname exists passed with the following output:
Change Dir: /software/relion-2.1_gaoxing/cmake-build-debug/CMakeFiles/CMakeTmp

Run Build Command:"/bin/gmake" "cmTC_d35a9/fast"
/bin/gmake -f CMakeFiles/cmTC_d35a9.dir/build.make CMakeFiles/cmTC_d35a9.dir/build
gmake[1]: Entering directory `/software/relion-2.1_gaoxing/cmake-build-debug/CMakeFiles/CMakeTmp'
Building C object CMakeFiles/cmTC_d35a9.dir/CheckFunctionExists.c.o
/bin/cc   -DCHECK_FUNCTION_EXISTS=gethostbyname   -o CMakeFiles/cmTC_d35a9.dir/CheckFunctionExists.c.o   -c /software/clion-2017.3.1/bin/cmake/share/cmake-3.9/Modules/CheckFunctionExists.c
Linking C executable cmTC_d35a9
/software/clion-2017.3.1/bin/cmake/bin/cmake -E cmake_link_script CMakeFiles/cmTC_d35a9.dir/link.txt --verbose=1
/bin/cc  -DCHECK_FUNCTION_EXISTS=gethostbyname    -rdynamic CMakeFiles/cmTC_d35a9.dir/CheckFunctionExists.c.o  -o cmTC_d35a9 
gmake[1]: Leaving directory `/software/relion-2.1_gaoxing/cmake-build-debug/CMakeFiles/CMakeTmp'


Determining if the function connect exists passed with the following output:
Change Dir: /software/relion-2.1_gaoxing/cmake-build-debug/CMakeFiles/CMakeTmp

Run Build Command:"/bin/gmake" "cmTC_8d847/fast"
/bin/gmake -f CMakeFiles/cmTC_8d847.dir/build.make CMakeFiles/cmTC_8d847.dir/build
gmake[1]: Entering directory `/software/relion-2.1_gaoxing/cmake-build-debug/CMakeFiles/CMakeTmp'
Building C object CMakeFiles/cmTC_8d847.dir/CheckFunctionExists.c.o
/bin/cc   -DCHECK_FUNCTION_EXISTS=connect   -o CMakeFiles/cmTC_8d847.dir/CheckFunctionExists.c.o   -c /software/clion-2017.3.1/bin/cmake/share/cmake-3.9/Modules/CheckFunctionExists.c
Linking C executable cmTC_8d847
/software/clion-2017.3.1/bin/cmake/bin/cmake -E cmake_link_script CMakeFiles/cmTC_8d847.dir/link.txt --verbose=1
/bin/cc  -DCHECK_FUNCTION_EXISTS=connect    -rdynamic CMakeFiles/cmTC_8d847.dir/CheckFunctionExists.c.o  -o cmTC_8d847 
gmake[1]: Leaving directory `/software/relion-2.1_gaoxing/cmake-build-debug/CMakeFiles/CMakeTmp'


Determining if the function remove exists passed with the following output:
Change Dir: /software/relion-2.1_gaoxing/cmake-build-debug/CMakeFiles/CMakeTmp

Run Build Command:"/bin/gmake" "cmTC_43926/fast"
/bin/gmake -f CMakeFiles/cmTC_43926.dir/build.make CMakeFiles/cmTC_43926.dir/build
gmake[1]: Entering directory `/software/relion-2.1_gaoxing/cmake-build-debug/CMakeFiles/CMakeTmp'
Building C object CMakeFiles/cmTC_43926.dir/CheckFunctionExists.c.o
/bin/cc   -DCHECK_FUNCTION_EXISTS=remove   -o CMakeFiles/cmTC_43926.dir/CheckFunctionExists.c.o   -c /software/clion-2017.3.1/bin/cmake/share/cmake-3.9/Modules/CheckFunctionExists.c
Linking C executable cmTC_43926
/software/clion-2017.3.1/bin/cmake/bin/cmake -E cmake_link_script CMakeFiles/cmTC_43926.dir/link.txt --verbose=1
/bin/cc  -DCHECK_FUNCTION_EXISTS=remove    -rdynamic CMakeFiles/cmTC_43926.dir/CheckFunctionExists.c.o  -o cmTC_43926 
gmake[1]: Leaving directory `/software/relion-2.1_gaoxing/cmake-build-debug/CMakeFiles/CMakeTmp'


Determining if the function shmat exists passed with the following output:
Change Dir: /software/relion-2.1_gaoxing/cmake-build-debug/CMakeFiles/CMakeTmp

Run Build Command:"/bin/gmake" "cmTC_a8481/fast"
/bin/gmake -f CMakeFiles/cmTC_a8481.dir/build.make CMakeFiles/cmTC_a8481.dir/build
gmake[1]: Entering directory `/software/relion-2.1_gaoxing/cmake-build-debug/CMakeFiles/CMakeTmp'
Building C object CMakeFiles/cmTC_a8481.dir/CheckFunctionExists.c.o
/bin/cc   -DCHECK_FUNCTION_EXISTS=shmat   -o CMakeFiles/cmTC_a8481.dir/CheckFunctionExists.c.o   -c /software/clion-2017.3.1/bin/cmake/share/cmake-3.9/Modules/CheckFunctionExists.c
Linking C executable cmTC_a8481
/software/clion-2017.3.1/bin/cmake/bin/cmake -E cmake_link_script CMakeFiles/cmTC_a8481.dir/link.txt --verbose=1
/bin/cc  -DCHECK_FUNCTION_EXISTS=shmat    -rdynamic CMakeFiles/cmTC_a8481.dir/CheckFunctionExists.c.o  -o cmTC_a8481 
gmake[1]: Leaving directory `/software/relion-2.1_gaoxing/cmake-build-debug/CMakeFiles/CMakeTmp'


Determining if the function IceConnectionNumber exists in the ICE passed with the following output:
Change Dir: /software/relion-2.1_gaoxing/cmake-build-debug/CMakeFiles/CMakeTmp

Run Build Command:"/bin/gmake" "cmTC_0da9d/fast"
/bin/gmake -f CMakeFiles/cmTC_0da9d.dir/build.make CMakeFiles/cmTC_0da9d.dir/build
gmake[1]: Entering directory `/software/relion-2.1_gaoxing/cmake-build-debug/CMakeFiles/CMakeTmp'
Building C object CMakeFiles/cmTC_0da9d.dir/CheckFunctionExists.c.o
/bin/cc   -DCHECK_FUNCTION_EXISTS=IceConnectionNumber   -o CMakeFiles/cmTC_0da9d.dir/CheckFunctionExists.c.o   -c /software/clion-2017.3.1/bin/cmake/share/cmake-3.9/Modules/CheckFunctionExists.c
Linking C executable cmTC_0da9d
/software/clion-2017.3.1/bin/cmake/bin/cmake -E cmake_link_script CMakeFiles/cmTC_0da9d.dir/link.txt --verbose=1
/bin/cc  -DCHECK_FUNCTION_EXISTS=IceConnectionNumber    -rdynamic CMakeFiles/cmTC_0da9d.dir/CheckFunctionExists.c.o  -o cmTC_0da9d -lICE 
gmake[1]: Leaving directory `/software/relion-2.1_gaoxing/cmake-build-debug/CMakeFiles/CMakeTmp'


Determining if the sincos exist passed with the following output:
Change Dir: /software/relion-2.1_gaoxing/cmake-build-debug/CMakeFiles/CMakeTmp

Run Build Command:"/bin/gmake" "cmTC_d09e0/fast"
/bin/gmake -f CMakeFiles/cmTC_d09e0.dir/build.make CMakeFiles/cmTC_d09e0.dir/build
gmake[1]: Entering directory `/software/relion-2.1_gaoxing/cmake-build-debug/CMakeFiles/CMakeTmp'
Building CXX object CMakeFiles/cmTC_d09e0.dir/CheckSymbolExists.cxx.o
/bin/c++     -o CMakeFiles/cmTC_d09e0.dir/CheckSymbolExists.cxx.o -c /software/relion-2.1_gaoxing/cmake-build-debug/CMakeFiles/CMakeTmp/CheckSymbolExists.cxx
Linking CXX executable cmTC_d09e0
/software/clion-2017.3.1/bin/cmake/bin/cmake -E cmake_link_script CMakeFiles/cmTC_d09e0.dir/link.txt --verbose=1
/bin/c++       -rdynamic CMakeFiles/cmTC_d09e0.dir/CheckSymbolExists.cxx.o  -o cmTC_d09e0 
gmake[1]: Leaving directory `/software/relion-2.1_gaoxing/cmake-build-debug/CMakeFiles/CMakeTmp'

File /software/relion-2.1_gaoxing/cmake-build-debug/CMakeFiles/CMakeTmp/CheckSymbolExists.cxx:
/* */
#include <math.h>

int main(int argc, char** argv)
{
  (void)argv;
#ifndef sincos
  return ((int*)(&sincos))[argc];
#else
  (void)argc;
  return 0;
#endif
}

