Determining if the pthread_create exist failed with the following output:
Change Dir: /software/relion-2.1_gaoxing/cmake-build-debug/CMakeFiles/CMakeTmp

Run Build Command:"/bin/gmake" "cmTC_a86d9/fast"
/bin/gmake -f CMakeFiles/cmTC_a86d9.dir/build.make CMakeFiles/cmTC_a86d9.dir/build
gmake[1]: Entering directory `/software/relion-2.1_gaoxing/cmake-build-debug/CMakeFiles/CMakeTmp'
Building C object CMakeFiles/cmTC_a86d9.dir/CheckSymbolExists.c.o
/bin/cc   -fPIC    -o CMakeFiles/cmTC_a86d9.dir/CheckSymbolExists.c.o   -c /software/relion-2.1_gaoxing/cmake-build-debug/CMakeFiles/CMakeTmp/CheckSymbolExists.c
Linking C executable cmTC_a86d9
/software/clion-2017.3.1/bin/cmake/bin/cmake -E cmake_link_script CMakeFiles/cmTC_a86d9.dir/link.txt --verbose=1
/bin/cc -fPIC     -rdynamic CMakeFiles/cmTC_a86d9.dir/CheckSymbolExists.c.o  -o cmTC_a86d9 
CMakeFiles/cmTC_a86d9.dir/CheckSymbolExists.c.o: In function `main':
CheckSymbolExists.c:(.text+0x1b): undefined reference to `pthread_create'
collect2: error: ld returned 1 exit status
gmake[1]: *** [cmTC_a86d9] Error 1
gmake[1]: Leaving directory `/software/relion-2.1_gaoxing/cmake-build-debug/CMakeFiles/CMakeTmp'
gmake: *** [cmTC_a86d9/fast] Error 2

File /software/relion-2.1_gaoxing/cmake-build-debug/CMakeFiles/CMakeTmp/CheckSymbolExists.c:
/* */
#include <pthread.h>

int main(int argc, char** argv)
{
  (void)argv;
#ifndef pthread_create
  return ((int*)(&pthread_create))[argc];
#else
  (void)argc;
  return 0;
#endif
}

Determining if the function pthread_create exists in the pthreads failed with the following output:
Change Dir: /software/relion-2.1_gaoxing/cmake-build-debug/CMakeFiles/CMakeTmp

Run Build Command:"/bin/gmake" "cmTC_fea92/fast"
/bin/gmake -f CMakeFiles/cmTC_fea92.dir/build.make CMakeFiles/cmTC_fea92.dir/build
gmake[1]: Entering directory `/software/relion-2.1_gaoxing/cmake-build-debug/CMakeFiles/CMakeTmp'
Building C object CMakeFiles/cmTC_fea92.dir/CheckFunctionExists.c.o
/bin/cc   -fPIC -DCHECK_FUNCTION_EXISTS=pthread_create   -o CMakeFiles/cmTC_fea92.dir/CheckFunctionExists.c.o   -c /software/clion-2017.3.1/bin/cmake/share/cmake-3.9/Modules/CheckFunctionExists.c
Linking C executable cmTC_fea92
/software/clion-2017.3.1/bin/cmake/bin/cmake -E cmake_link_script CMakeFiles/cmTC_fea92.dir/link.txt --verbose=1
/bin/cc -fPIC -DCHECK_FUNCTION_EXISTS=pthread_create    -rdynamic CMakeFiles/cmTC_fea92.dir/CheckFunctionExists.c.o  -o cmTC_fea92 -lpthreads 
/bin/ld: cannot find -lpthreads
collect2: error: ld returned 1 exit status
gmake[1]: *** [cmTC_fea92] Error 1
gmake[1]: Leaving directory `/software/relion-2.1_gaoxing/cmake-build-debug/CMakeFiles/CMakeTmp'
gmake: *** [cmTC_fea92/fast] Error 2


Determining if the __sincos exist failed with the following output:
Change Dir: /software/relion-2.1_gaoxing/cmake-build-debug/CMakeFiles/CMakeTmp

Run Build Command:"/bin/gmake" "cmTC_a844a/fast"
/bin/gmake -f CMakeFiles/cmTC_a844a.dir/build.make CMakeFiles/cmTC_a844a.dir/build
gmake[1]: Entering directory `/software/relion-2.1_gaoxing/cmake-build-debug/CMakeFiles/CMakeTmp'
Building CXX object CMakeFiles/cmTC_a844a.dir/CheckSymbolExists.cxx.o
/bin/c++     -o CMakeFiles/cmTC_a844a.dir/CheckSymbolExists.cxx.o -c /software/relion-2.1_gaoxing/cmake-build-debug/CMakeFiles/CMakeTmp/CheckSymbolExists.cxx
Linking CXX executable cmTC_a844a
/software/clion-2017.3.1/bin/cmake/bin/cmake -E cmake_link_script CMakeFiles/cmTC_a844a.dir/link.txt --verbose=1
/bin/c++       -rdynamic CMakeFiles/cmTC_a844a.dir/CheckSymbolExists.cxx.o  -o cmTC_a844a 
CMakeFiles/cmTC_a844a.dir/CheckSymbolExists.cxx.o: In function `main':
CheckSymbolExists.cxx:(.text+0x16): undefined reference to `__sincos'
collect2: error: ld returned 1 exit status
gmake[1]: *** [cmTC_a844a] Error 1
gmake[1]: Leaving directory `/software/relion-2.1_gaoxing/cmake-build-debug/CMakeFiles/CMakeTmp'
gmake: *** [cmTC_a844a/fast] Error 2

File /software/relion-2.1_gaoxing/cmake-build-debug/CMakeFiles/CMakeTmp/CheckSymbolExists.cxx:
/* */
#include <math.h>

int main(int argc, char** argv)
{
  (void)argv;
#ifndef __sincos
  return ((int*)(&__sincos))[argc];
#else
  (void)argc;
  return 0;
#endif
}

