The system is: Linux - 3.10.0-957.el7.x86_64 - x86_64
Compiling the C compiler identification source file "CMakeCCompilerId.c" succeeded.
Compiler: /usr/bin/cc 
Build flags: 
Id flags:  

The output was:
0


Compilation of the C compiler identification source "CMakeCCompilerId.c" produced "a.out"

The C compiler identification is GNU, found in "/apps/software/relion-2.1_gaoxing/build/CMakeFiles/3.13.2/CompilerIdC/a.out"

Compiling the CXX compiler identification source file "CMakeCXXCompilerId.cpp" succeeded.
Compiler: /usr/bin/c++ 
Build flags: 
Id flags:  

The output was:
0


Compilation of the CXX compiler identification source "CMakeCXXCompilerId.cpp" produced "a.out"

The CXX compiler identification is GNU, found in "/apps/software/relion-2.1_gaoxing/build/CMakeFiles/3.13.2/CompilerIdCXX/a.out"

Determining if the C compiler works passed with the following output:
Change Dir: /apps/software/relion-2.1_gaoxing/build/CMakeFiles/CMakeTmp

Run Build Command:"/usr/bin/gmake" "cmTC_24c4d/fast"
gmake: Warning: File `Makefile' has modification time 87 s in the future
/usr/bin/gmake -f CMakeFiles/cmTC_24c4d.dir/build.make CMakeFiles/cmTC_24c4d.dir/build
gmake[1]: Entering directory `/apps/software/relion-2.1_gaoxing/build/CMakeFiles/CMakeTmp'
gmake[1]: Warning: File `CMakeFiles/cmTC_24c4d.dir/flags.make' has modification time 87 s in the future
Building C object CMakeFiles/cmTC_24c4d.dir/testCCompiler.c.o
/usr/bin/cc    -o CMakeFiles/cmTC_24c4d.dir/testCCompiler.c.o   -c /apps/software/relion-2.1_gaoxing/build/CMakeFiles/CMakeTmp/testCCompiler.c
Linking C executable cmTC_24c4d
/apps/software/cmake/3.13.2/bin/cmake -E cmake_link_script CMakeFiles/cmTC_24c4d.dir/link.txt --verbose=1
/usr/bin/cc      -rdynamic CMakeFiles/cmTC_24c4d.dir/testCCompiler.c.o  -o cmTC_24c4d 
gmake[1]: warning:  Clock skew detected.  Your build may be incomplete.
gmake[1]: Leaving directory `/apps/software/relion-2.1_gaoxing/build/CMakeFiles/CMakeTmp'
gmake: warning:  Clock skew detected.  Your build may be incomplete.


Detecting C compiler ABI info compiled with the following output:
Change Dir: /apps/software/relion-2.1_gaoxing/build/CMakeFiles/CMakeTmp

Run Build Command:"/usr/bin/gmake" "cmTC_0105f/fast"
gmake: Warning: File `Makefile' has modification time 87 s in the future
/usr/bin/gmake -f CMakeFiles/cmTC_0105f.dir/build.make CMakeFiles/cmTC_0105f.dir/build
gmake[1]: Entering directory `/apps/software/relion-2.1_gaoxing/build/CMakeFiles/CMakeTmp'
gmake[1]: Warning: File `CMakeFiles/cmTC_0105f.dir/flags.make' has modification time 87 s in the future
Building C object CMakeFiles/cmTC_0105f.dir/CMakeCCompilerABI.c.o
/usr/bin/cc    -o CMakeFiles/cmTC_0105f.dir/CMakeCCompilerABI.c.o   -c /apps/software/cmake/3.13.2/share/cmake-3.13/Modules/CMakeCCompilerABI.c
Linking C executable cmTC_0105f
/apps/software/cmake/3.13.2/bin/cmake -E cmake_link_script CMakeFiles/cmTC_0105f.dir/link.txt --verbose=1
/usr/bin/cc     -v -rdynamic CMakeFiles/cmTC_0105f.dir/CMakeCCompilerABI.c.o  -o cmTC_0105f 
Using built-in specs.
COLLECT_GCC=/usr/bin/cc
COLLECT_LTO_WRAPPER=/usr/libexec/gcc/x86_64-redhat-linux/4.8.5/lto-wrapper
Target: x86_64-redhat-linux
Configured with: ../configure --prefix=/usr --mandir=/usr/share/man --infodir=/usr/share/info --with-bugurl=http://bugzilla.redhat.com/bugzilla --enable-bootstrap --enable-shared --enable-threads=posix --enable-checking=release --with-system-zlib --enable-__cxa_atexit --disable-libunwind-exceptions --enable-gnu-unique-object --enable-linker-build-id --with-linker-hash-style=gnu --enable-languages=c,c++,objc,obj-c++,java,fortran,ada,go,lto --enable-plugin --enable-initfini-array --disable-libgcj --with-isl=/builddir/build/BUILD/gcc-4.8.5-20150702/obj-x86_64-redhat-linux/isl-install --with-cloog=/builddir/build/BUILD/gcc-4.8.5-20150702/obj-x86_64-redhat-linux/cloog-install --enable-gnu-indirect-function --with-tune=generic --with-arch_32=x86-64 --build=x86_64-redhat-linux
Thread model: posix
gcc version 4.8.5 20150623 (Red Hat 4.8.5-36) (GCC) 
COMPILER_PATH=/usr/libexec/gcc/x86_64-redhat-linux/4.8.5/:/usr/libexec/gcc/x86_64-redhat-linux/4.8.5/:/usr/libexec/gcc/x86_64-redhat-linux/:/usr/lib/gcc/x86_64-redhat-linux/4.8.5/:/usr/lib/gcc/x86_64-redhat-linux/
LIBRARY_PATH=/usr/lib/gcc/x86_64-redhat-linux/4.8.5/:/usr/lib/gcc/x86_64-redhat-linux/4.8.5/../../../../lib64/:/lib/../lib64/:/usr/lib/../lib64/:/apps/intel/psxe_2018_u3/clck/2018.3/lib/intel64/:/apps/intel/psxe_2018_u3/compilers_and_libraries_2018.3.222/linux/ipp/lib/intel64/:/apps/intel/psxe_2018_u3/compilers_and_libraries_2018.3.222/linux/compiler/lib/intel64_lin/:/apps/intel/psxe_2018_u3/compilers_and_libraries_2018.3.222/linux/mkl/lib/intel64_lin/:/apps/intel/psxe_2018_u3/compilers_and_libraries_2018.3.222/linux/tbb/lib/intel64/gcc4.7/:/apps/intel/psxe_2018_u3/compilers_and_libraries_2018.3.222/linux/tbb/lib/intel64/gcc4.7/:/apps/intel/psxe_2018_u3/compilers_and_libraries_2018.3.222/linux/daal/lib/intel64_lin/:/opt/intel_2019_up3/compilers_and_libraries_2019.3.199/linux/mpi/intel64/libfabric/lib/:/opt/intel_2019_up3/compilers_and_libraries_2019.3.199/linux/compiler/lib/intel64_lin/:/opt/intel_2019_up3/compilers_and_libraries_2019.3.199/linux/mkl/lib/intel64_lin/:/opt/intel_2019_up3/compilers_and_libraries_2019.3.199/linux/mpi/intel64/libfabric/lib/:/opt/intel_2019_up3/compilers_and_libraries_2019.3.199/linux/ipp/lib/intel64/:/opt/intel_2019_up3/compilers_and_libraries_2019.3.199/linux/compiler/lib/intel64_lin/:/opt/intel_2019_up3/compilers_and_libraries_2019.3.199/linux/mkl/lib/intel64_lin/:/opt/intel_2019_up3/compilers_and_libraries_2019.3.199/linux/tbb/lib/intel64/gcc4.7/:/opt/intel_2019_up3/compilers_and_libraries_2019.3.199/linux/tbb/lib/intel64/gcc4.7/:/opt/intel_2019_up3/compilers_and_libraries_2019.3.199/linux/daal/lib/intel64_lin/:/apps/intel/psxe_2018_u3/clck/2018.3/lib/intel64/:/apps/intel/psxe_2018_u3/compilers_and_libraries_2018.3.222/linux/ipp/lib/intel64/:/apps/intel/psxe_2018_u3/compilers_and_libraries_2018.3.222/linux/compiler/lib/intel64_lin/:/apps/intel/psxe_2018_u3/compilers_and_libraries_2018.3.222/linux/mkl/lib/intel64_lin/:/apps/intel/psxe_2018_u3/compilers_and_libraries_2018.3.222/linux/tbb/lib/intel64/gcc4.7/:/apps/intel/psxe_2018_u3/compilers_and_libraries_2018.3.222/linux/tbb/lib/intel64/gcc4.7/:/apps/intel/psxe_2018_u3/compilers_and_libraries_2018.3.222/linux/daal/lib/intel64_lin/:/apps/intel/psxe_2018_u3/compilers_and_libraries_2018.3.222/linux/daal/../tbb/lib/intel64_lin/gcc4.4/:/usr/lib/gcc/x86_64-redhat-linux/4.8.5/../../../:/lib/:/usr/lib/
COLLECT_GCC_OPTIONS='-v' '-rdynamic' '-o' 'cmTC_0105f' '-mtune=generic' '-march=x86-64'
 /usr/libexec/gcc/x86_64-redhat-linux/4.8.5/collect2 --build-id --no-add-needed --eh-frame-hdr --hash-style=gnu -m elf_x86_64 -export-dynamic -dynamic-linker /lib64/ld-linux-x86-64.so.2 -o cmTC_0105f /usr/lib/gcc/x86_64-redhat-linux/4.8.5/../../../../lib64/crt1.o /usr/lib/gcc/x86_64-redhat-linux/4.8.5/../../../../lib64/crti.o /usr/lib/gcc/x86_64-redhat-linux/4.8.5/crtbegin.o -L/usr/lib/gcc/x86_64-redhat-linux/4.8.5 -L/usr/lib/gcc/x86_64-redhat-linux/4.8.5/../../../../lib64 -L/lib/../lib64 -L/usr/lib/../lib64 -L/apps/intel/psxe_2018_u3/clck/2018.3/lib/intel64 -L/apps/intel/psxe_2018_u3/compilers_and_libraries_2018.3.222/linux/ipp/lib/intel64 -L/apps/intel/psxe_2018_u3/compilers_and_libraries_2018.3.222/linux/compiler/lib/intel64_lin -L/apps/intel/psxe_2018_u3/compilers_and_libraries_2018.3.222/linux/mkl/lib/intel64_lin -L/apps/intel/psxe_2018_u3/compilers_and_libraries_2018.3.222/linux/tbb/lib/intel64/gcc4.7 -L/apps/intel/psxe_2018_u3/compilers_and_libraries_2018.3.222/linux/tbb/lib/intel64/gcc4.7 -L/apps/intel/psxe_2018_u3/compilers_and_libraries_2018.3.222/linux/daal/lib/intel64_lin -L/opt/intel_2019_up3/compilers_and_libraries_2019.3.199/linux/mpi/intel64/libfabric/lib -L/opt/intel_2019_up3/compilers_and_libraries_2019.3.199/linux/compiler/lib/intel64_lin -L/opt/intel_2019_up3/compilers_and_libraries_2019.3.199/linux/mkl/lib/intel64_lin -L/opt/intel_2019_up3/compilers_and_libraries_2019.3.199/linux/mpi/intel64/libfabric/lib -L/opt/intel_2019_up3/compilers_and_libraries_2019.3.199/linux/ipp/lib/intel64 -L/opt/intel_2019_up3/compilers_and_libraries_2019.3.199/linux/compiler/lib/intel64_lin -L/opt/intel_2019_up3/compilers_and_libraries_2019.3.199/linux/mkl/lib/intel64_lin -L/opt/intel_2019_up3/compilers_and_libraries_2019.3.199/linux/tbb/lib/intel64/gcc4.7 -L/opt/intel_2019_up3/compilers_and_libraries_2019.3.199/linux/tbb/lib/intel64/gcc4.7 -L/opt/intel_2019_up3/compilers_and_libraries_2019.3.199/linux/daal/lib/intel64_lin -L/apps/intel/psxe_2018_u3/clck/2018.3/lib/intel64 -L/apps/intel/psxe_2018_u3/compilers_and_libraries_2018.3.222/linux/ipp/lib/intel64 -L/apps/intel/psxe_2018_u3/compilers_and_libraries_2018.3.222/linux/compiler/lib/intel64_lin -L/apps/intel/psxe_2018_u3/compilers_and_libraries_2018.3.222/linux/mkl/lib/intel64_lin -L/apps/intel/psxe_2018_u3/compilers_and_libraries_2018.3.222/linux/tbb/lib/intel64/gcc4.7 -L/apps/intel/psxe_2018_u3/compilers_and_libraries_2018.3.222/linux/tbb/lib/intel64/gcc4.7 -L/apps/intel/psxe_2018_u3/compilers_and_libraries_2018.3.222/linux/daal/lib/intel64_lin -L/apps/intel/psxe_2018_u3/compilers_and_libraries_2018.3.222/linux/daal/../tbb/lib/intel64_lin/gcc4.4 -L/usr/lib/gcc/x86_64-redhat-linux/4.8.5/../../.. CMakeFiles/cmTC_0105f.dir/CMakeCCompilerABI.c.o -lgcc --as-needed -lgcc_s --no-as-needed -lc -lgcc --as-needed -lgcc_s --no-as-needed /usr/lib/gcc/x86_64-redhat-linux/4.8.5/crtend.o /usr/lib/gcc/x86_64-redhat-linux/4.8.5/../../../../lib64/crtn.o
gmake[1]: warning:  Clock skew detected.  Your build may be incomplete.
gmake[1]: Leaving directory `/apps/software/relion-2.1_gaoxing/build/CMakeFiles/CMakeTmp'
gmake: warning:  Clock skew detected.  Your build may be incomplete.


Parsed C implicit link information from above output:
  link line regex: [^( *|.*[/\])(ld|CMAKE_LINK_STARTFILE-NOTFOUND|([^/\]+-)?ld|collect2)[^/\]*( |$)]
  ignore line: [Change Dir: /apps/software/relion-2.1_gaoxing/build/CMakeFiles/CMakeTmp]
  ignore line: []
  ignore line: [Run Build Command:"/usr/bin/gmake" "cmTC_0105f/fast"]
  ignore line: [gmake: Warning: File `Makefile' has modification time 87 s in the future]
  ignore line: [/usr/bin/gmake -f CMakeFiles/cmTC_0105f.dir/build.make CMakeFiles/cmTC_0105f.dir/build]
  ignore line: [gmake[1]: Entering directory `/apps/software/relion-2.1_gaoxing/build/CMakeFiles/CMakeTmp']
  ignore line: [gmake[1]: Warning: File `CMakeFiles/cmTC_0105f.dir/flags.make' has modification time 87 s in the future]
  ignore line: [Building C object CMakeFiles/cmTC_0105f.dir/CMakeCCompilerABI.c.o]
  ignore line: [/usr/bin/cc    -o CMakeFiles/cmTC_0105f.dir/CMakeCCompilerABI.c.o   -c /apps/software/cmake/3.13.2/share/cmake-3.13/Modules/CMakeCCompilerABI.c]
  ignore line: [Linking C executable cmTC_0105f]
  ignore line: [/apps/software/cmake/3.13.2/bin/cmake -E cmake_link_script CMakeFiles/cmTC_0105f.dir/link.txt --verbose=1]
  ignore line: [/usr/bin/cc     -v -rdynamic CMakeFiles/cmTC_0105f.dir/CMakeCCompilerABI.c.o  -o cmTC_0105f ]
  ignore line: [Using built-in specs.]
  ignore line: [COLLECT_GCC=/usr/bin/cc]
  ignore line: [COLLECT_LTO_WRAPPER=/usr/libexec/gcc/x86_64-redhat-linux/4.8.5/lto-wrapper]
  ignore line: [Target: x86_64-redhat-linux]
  ignore line: [Configured with: ../configure --prefix=/usr --mandir=/usr/share/man --infodir=/usr/share/info --with-bugurl=http://bugzilla.redhat.com/bugzilla --enable-bootstrap --enable-shared --enable-threads=posix --enable-checking=release --with-system-zlib --enable-__cxa_atexit --disable-libunwind-exceptions --enable-gnu-unique-object --enable-linker-build-id --with-linker-hash-style=gnu --enable-languages=c,c++,objc,obj-c++,java,fortran,ada,go,lto --enable-plugin --enable-initfini-array --disable-libgcj --with-isl=/builddir/build/BUILD/gcc-4.8.5-20150702/obj-x86_64-redhat-linux/isl-install --with-cloog=/builddir/build/BUILD/gcc-4.8.5-20150702/obj-x86_64-redhat-linux/cloog-install --enable-gnu-indirect-function --with-tune=generic --with-arch_32=x86-64 --build=x86_64-redhat-linux]
  ignore line: [Thread model: posix]
  ignore line: [gcc version 4.8.5 20150623 (Red Hat 4.8.5-36) (GCC) ]
  ignore line: [COMPILER_PATH=/usr/libexec/gcc/x86_64-redhat-linux/4.8.5/:/usr/libexec/gcc/x86_64-redhat-linux/4.8.5/:/usr/libexec/gcc/x86_64-redhat-linux/:/usr/lib/gcc/x86_64-redhat-linux/4.8.5/:/usr/lib/gcc/x86_64-redhat-linux/]
  ignore line: [LIBRARY_PATH=/usr/lib/gcc/x86_64-redhat-linux/4.8.5/:/usr/lib/gcc/x86_64-redhat-linux/4.8.5/../../../../lib64/:/lib/../lib64/:/usr/lib/../lib64/:/apps/intel/psxe_2018_u3/clck/2018.3/lib/intel64/:/apps/intel/psxe_2018_u3/compilers_and_libraries_2018.3.222/linux/ipp/lib/intel64/:/apps/intel/psxe_2018_u3/compilers_and_libraries_2018.3.222/linux/compiler/lib/intel64_lin/:/apps/intel/psxe_2018_u3/compilers_and_libraries_2018.3.222/linux/mkl/lib/intel64_lin/:/apps/intel/psxe_2018_u3/compilers_and_libraries_2018.3.222/linux/tbb/lib/intel64/gcc4.7/:/apps/intel/psxe_2018_u3/compilers_and_libraries_2018.3.222/linux/tbb/lib/intel64/gcc4.7/:/apps/intel/psxe_2018_u3/compilers_and_libraries_2018.3.222/linux/daal/lib/intel64_lin/:/opt/intel_2019_up3/compilers_and_libraries_2019.3.199/linux/mpi/intel64/libfabric/lib/:/opt/intel_2019_up3/compilers_and_libraries_2019.3.199/linux/compiler/lib/intel64_lin/:/opt/intel_2019_up3/compilers_and_libraries_2019.3.199/linux/mkl/lib/intel64_lin/:/opt/intel_2019_up3/compilers_and_libraries_2019.3.199/linux/mpi/intel64/libfabric/lib/:/opt/intel_2019_up3/compilers_and_libraries_2019.3.199/linux/ipp/lib/intel64/:/opt/intel_2019_up3/compilers_and_libraries_2019.3.199/linux/compiler/lib/intel64_lin/:/opt/intel_2019_up3/compilers_and_libraries_2019.3.199/linux/mkl/lib/intel64_lin/:/opt/intel_2019_up3/compilers_and_libraries_2019.3.199/linux/tbb/lib/intel64/gcc4.7/:/opt/intel_2019_up3/compilers_and_libraries_2019.3.199/linux/tbb/lib/intel64/gcc4.7/:/opt/intel_2019_up3/compilers_and_libraries_2019.3.199/linux/daal/lib/intel64_lin/:/apps/intel/psxe_2018_u3/clck/2018.3/lib/intel64/:/apps/intel/psxe_2018_u3/compilers_and_libraries_2018.3.222/linux/ipp/lib/intel64/:/apps/intel/psxe_2018_u3/compilers_and_libraries_2018.3.222/linux/compiler/lib/intel64_lin/:/apps/intel/psxe_2018_u3/compilers_and_libraries_2018.3.222/linux/mkl/lib/intel64_lin/:/apps/intel/psxe_2018_u3/compilers_and_libraries_2018.3.222/linux/tbb/lib/intel64/gcc4.7/:/apps/intel/psxe_2018_u3/compilers_and_libraries_2018.3.222/linux/tbb/lib/intel64/gcc4.7/:/apps/intel/psxe_2018_u3/compilers_and_libraries_2018.3.222/linux/daal/lib/intel64_lin/:/apps/intel/psxe_2018_u3/compilers_and_libraries_2018.3.222/linux/daal/../tbb/lib/intel64_lin/gcc4.4/:/usr/lib/gcc/x86_64-redhat-linux/4.8.5/../../../:/lib/:/usr/lib/]
  ignore line: [COLLECT_GCC_OPTIONS='-v' '-rdynamic' '-o' 'cmTC_0105f' '-mtune=generic' '-march=x86-64']
  link line: [ /usr/libexec/gcc/x86_64-redhat-linux/4.8.5/collect2 --build-id --no-add-needed --eh-frame-hdr --hash-style=gnu -m elf_x86_64 -export-dynamic -dynamic-linker /lib64/ld-linux-x86-64.so.2 -o cmTC_0105f /usr/lib/gcc/x86_64-redhat-linux/4.8.5/../../../../lib64/crt1.o /usr/lib/gcc/x86_64-redhat-linux/4.8.5/../../../../lib64/crti.o /usr/lib/gcc/x86_64-redhat-linux/4.8.5/crtbegin.o -L/usr/lib/gcc/x86_64-redhat-linux/4.8.5 -L/usr/lib/gcc/x86_64-redhat-linux/4.8.5/../../../../lib64 -L/lib/../lib64 -L/usr/lib/../lib64 -L/apps/intel/psxe_2018_u3/clck/2018.3/lib/intel64 -L/apps/intel/psxe_2018_u3/compilers_and_libraries_2018.3.222/linux/ipp/lib/intel64 -L/apps/intel/psxe_2018_u3/compilers_and_libraries_2018.3.222/linux/compiler/lib/intel64_lin -L/apps/intel/psxe_2018_u3/compilers_and_libraries_2018.3.222/linux/mkl/lib/intel64_lin -L/apps/intel/psxe_2018_u3/compilers_and_libraries_2018.3.222/linux/tbb/lib/intel64/gcc4.7 -L/apps/intel/psxe_2018_u3/compilers_and_libraries_2018.3.222/linux/tbb/lib/intel64/gcc4.7 -L/apps/intel/psxe_2018_u3/compilers_and_libraries_2018.3.222/linux/daal/lib/intel64_lin -L/opt/intel_2019_up3/compilers_and_libraries_2019.3.199/linux/mpi/intel64/libfabric/lib -L/opt/intel_2019_up3/compilers_and_libraries_2019.3.199/linux/compiler/lib/intel64_lin -L/opt/intel_2019_up3/compilers_and_libraries_2019.3.199/linux/mkl/lib/intel64_lin -L/opt/intel_2019_up3/compilers_and_libraries_2019.3.199/linux/mpi/intel64/libfabric/lib -L/opt/intel_2019_up3/compilers_and_libraries_2019.3.199/linux/ipp/lib/intel64 -L/opt/intel_2019_up3/compilers_and_libraries_2019.3.199/linux/compiler/lib/intel64_lin -L/opt/intel_2019_up3/compilers_and_libraries_2019.3.199/linux/mkl/lib/intel64_lin -L/opt/intel_2019_up3/compilers_and_libraries_2019.3.199/linux/tbb/lib/intel64/gcc4.7 -L/opt/intel_2019_up3/compilers_and_libraries_2019.3.199/linux/tbb/lib/intel64/gcc4.7 -L/opt/intel_2019_up3/compilers_and_libraries_2019.3.199/linux/daal/lib/intel64_lin -L/apps/intel/psxe_2018_u3/clck/2018.3/lib/intel64 -L/apps/intel/psxe_2018_u3/compilers_and_libraries_2018.3.222/linux/ipp/lib/intel64 -L/apps/intel/psxe_2018_u3/compilers_and_libraries_2018.3.222/linux/compiler/lib/intel64_lin -L/apps/intel/psxe_2018_u3/compilers_and_libraries_2018.3.222/linux/mkl/lib/intel64_lin -L/apps/intel/psxe_2018_u3/compilers_and_libraries_2018.3.222/linux/tbb/lib/intel64/gcc4.7 -L/apps/intel/psxe_2018_u3/compilers_and_libraries_2018.3.222/linux/tbb/lib/intel64/gcc4.7 -L/apps/intel/psxe_2018_u3/compilers_and_libraries_2018.3.222/linux/daal/lib/intel64_lin -L/apps/intel/psxe_2018_u3/compilers_and_libraries_2018.3.222/linux/daal/../tbb/lib/intel64_lin/gcc4.4 -L/usr/lib/gcc/x86_64-redhat-linux/4.8.5/../../.. CMakeFiles/cmTC_0105f.dir/CMakeCCompilerABI.c.o -lgcc --as-needed -lgcc_s --no-as-needed -lc -lgcc --as-needed -lgcc_s --no-as-needed /usr/lib/gcc/x86_64-redhat-linux/4.8.5/crtend.o /usr/lib/gcc/x86_64-redhat-linux/4.8.5/../../../../lib64/crtn.o]
    arg [/usr/libexec/gcc/x86_64-redhat-linux/4.8.5/collect2] ==> ignore
    arg [--build-id] ==> ignore
    arg [--no-add-needed] ==> ignore
    arg [--eh-frame-hdr] ==> ignore
    arg [--hash-style=gnu] ==> ignore
    arg [-m] ==> ignore
    arg [elf_x86_64] ==> ignore
    arg [-export-dynamic] ==> ignore
    arg [-dynamic-linker] ==> ignore
    arg [/lib64/ld-linux-x86-64.so.2] ==> ignore
    arg [-o] ==> ignore
    arg [cmTC_0105f] ==> ignore
    arg [/usr/lib/gcc/x86_64-redhat-linux/4.8.5/../../../../lib64/crt1.o] ==> ignore
    arg [/usr/lib/gcc/x86_64-redhat-linux/4.8.5/../../../../lib64/crti.o] ==> ignore
    arg [/usr/lib/gcc/x86_64-redhat-linux/4.8.5/crtbegin.o] ==> ignore
    arg [-L/usr/lib/gcc/x86_64-redhat-linux/4.8.5] ==> dir [/usr/lib/gcc/x86_64-redhat-linux/4.8.5]
    arg [-L/usr/lib/gcc/x86_64-redhat-linux/4.8.5/../../../../lib64] ==> dir [/usr/lib/gcc/x86_64-redhat-linux/4.8.5/../../../../lib64]
    arg [-L/lib/../lib64] ==> dir [/lib/../lib64]
    arg [-L/usr/lib/../lib64] ==> dir [/usr/lib/../lib64]
    arg [-L/apps/intel/psxe_2018_u3/clck/2018.3/lib/intel64] ==> dir [/apps/intel/psxe_2018_u3/clck/2018.3/lib/intel64]
    arg [-L/apps/intel/psxe_2018_u3/compilers_and_libraries_2018.3.222/linux/ipp/lib/intel64] ==> dir [/apps/intel/psxe_2018_u3/compilers_and_libraries_2018.3.222/linux/ipp/lib/intel64]
    arg [-L/apps/intel/psxe_2018_u3/compilers_and_libraries_2018.3.222/linux/compiler/lib/intel64_lin] ==> dir [/apps/intel/psxe_2018_u3/compilers_and_libraries_2018.3.222/linux/compiler/lib/intel64_lin]
    arg [-L/apps/intel/psxe_2018_u3/compilers_and_libraries_2018.3.222/linux/mkl/lib/intel64_lin] ==> dir [/apps/intel/psxe_2018_u3/compilers_and_libraries_2018.3.222/linux/mkl/lib/intel64_lin]
    arg [-L/apps/intel/psxe_2018_u3/compilers_and_libraries_2018.3.222/linux/tbb/lib/intel64/gcc4.7] ==> dir [/apps/intel/psxe_2018_u3/compilers_and_libraries_2018.3.222/linux/tbb/lib/intel64/gcc4.7]
    arg [-L/apps/intel/psxe_2018_u3/compilers_and_libraries_2018.3.222/linux/tbb/lib/intel64/gcc4.7] ==> dir [/apps/intel/psxe_2018_u3/compilers_and_libraries_2018.3.222/linux/tbb/lib/intel64/gcc4.7]
    arg [-L/apps/intel/psxe_2018_u3/compilers_and_libraries_2018.3.222/linux/daal/lib/intel64_lin] ==> dir [/apps/intel/psxe_2018_u3/compilers_and_libraries_2018.3.222/linux/daal/lib/intel64_lin]
    arg [-L/opt/intel_2019_up3/compilers_and_libraries_2019.3.199/linux/mpi/intel64/libfabric/lib] ==> dir [/opt/intel_2019_up3/compilers_and_libraries_2019.3.199/linux/mpi/intel64/libfabric/lib]
    arg [-L/opt/intel_2019_up3/compilers_and_libraries_2019.3.199/linux/compiler/lib/intel64_lin] ==> dir [/opt/intel_2019_up3/compilers_and_libraries_2019.3.199/linux/compiler/lib/intel64_lin]
    arg [-L/opt/intel_2019_up3/compilers_and_libraries_2019.3.199/linux/mkl/lib/intel64_lin] ==> dir [/opt/intel_2019_up3/compilers_and_libraries_2019.3.199/linux/mkl/lib/intel64_lin]
    arg [-L/opt/intel_2019_up3/compilers_and_libraries_2019.3.199/linux/mpi/intel64/libfabric/lib] ==> dir [/opt/intel_2019_up3/compilers_and_libraries_2019.3.199/linux/mpi/intel64/libfabric/lib]
    arg [-L/opt/intel_2019_up3/compilers_and_libraries_2019.3.199/linux/ipp/lib/intel64] ==> dir [/opt/intel_2019_up3/compilers_and_libraries_2019.3.199/linux/ipp/lib/intel64]
    arg [-L/opt/intel_2019_up3/compilers_and_libraries_2019.3.199/linux/compiler/lib/intel64_lin] ==> dir [/opt/intel_2019_up3/compilers_and_libraries_2019.3.199/linux/compiler/lib/intel64_lin]
    arg [-L/opt/intel_2019_up3/compilers_and_libraries_2019.3.199/linux/mkl/lib/intel64_lin] ==> dir [/opt/intel_2019_up3/compilers_and_libraries_2019.3.199/linux/mkl/lib/intel64_lin]
    arg [-L/opt/intel_2019_up3/compilers_and_libraries_2019.3.199/linux/tbb/lib/intel64/gcc4.7] ==> dir [/opt/intel_2019_up3/compilers_and_libraries_2019.3.199/linux/tbb/lib/intel64/gcc4.7]
    arg [-L/opt/intel_2019_up3/compilers_and_libraries_2019.3.199/linux/tbb/lib/intel64/gcc4.7] ==> dir [/opt/intel_2019_up3/compilers_and_libraries_2019.3.199/linux/tbb/lib/intel64/gcc4.7]
    arg [-L/opt/intel_2019_up3/compilers_and_libraries_2019.3.199/linux/daal/lib/intel64_lin] ==> dir [/opt/intel_2019_up3/compilers_and_libraries_2019.3.199/linux/daal/lib/intel64_lin]
    arg [-L/apps/intel/psxe_2018_u3/clck/2018.3/lib/intel64] ==> dir [/apps/intel/psxe_2018_u3/clck/2018.3/lib/intel64]
    arg [-L/apps/intel/psxe_2018_u3/compilers_and_libraries_2018.3.222/linux/ipp/lib/intel64] ==> dir [/apps/intel/psxe_2018_u3/compilers_and_libraries_2018.3.222/linux/ipp/lib/intel64]
    arg [-L/apps/intel/psxe_2018_u3/compilers_and_libraries_2018.3.222/linux/compiler/lib/intel64_lin] ==> dir [/apps/intel/psxe_2018_u3/compilers_and_libraries_2018.3.222/linux/compiler/lib/intel64_lin]
    arg [-L/apps/intel/psxe_2018_u3/compilers_and_libraries_2018.3.222/linux/mkl/lib/intel64_lin] ==> dir [/apps/intel/psxe_2018_u3/compilers_and_libraries_2018.3.222/linux/mkl/lib/intel64_lin]
    arg [-L/apps/intel/psxe_2018_u3/compilers_and_libraries_2018.3.222/linux/tbb/lib/intel64/gcc4.7] ==> dir [/apps/intel/psxe_2018_u3/compilers_and_libraries_2018.3.222/linux/tbb/lib/intel64/gcc4.7]
    arg [-L/apps/intel/psxe_2018_u3/compilers_and_libraries_2018.3.222/linux/tbb/lib/intel64/gcc4.7] ==> dir [/apps/intel/psxe_2018_u3/compilers_and_libraries_2018.3.222/linux/tbb/lib/intel64/gcc4.7]
    arg [-L/apps/intel/psxe_2018_u3/compilers_and_libraries_2018.3.222/linux/daal/lib/intel64_lin] ==> dir [/apps/intel/psxe_2018_u3/compilers_and_libraries_2018.3.222/linux/daal/lib/intel64_lin]
    arg [-L/apps/intel/psxe_2018_u3/compilers_and_libraries_2018.3.222/linux/daal/../tbb/lib/intel64_lin/gcc4.4] ==> dir [/apps/intel/psxe_2018_u3/compilers_and_libraries_2018.3.222/linux/daal/../tbb/lib/intel64_lin/gcc4.4]
    arg [-L/usr/lib/gcc/x86_64-redhat-linux/4.8.5/../../..] ==> dir [/usr/lib/gcc/x86_64-redhat-linux/4.8.5/../../..]
    arg [CMakeFiles/cmTC_0105f.dir/CMakeCCompilerABI.c.o] ==> ignore
    arg [-lgcc] ==> lib [gcc]
    arg [--as-needed] ==> ignore
    arg [-lgcc_s] ==> lib [gcc_s]
    arg [--no-as-needed] ==> ignore
    arg [-lc] ==> lib [c]
    arg [-lgcc] ==> lib [gcc]
    arg [--as-needed] ==> ignore
    arg [-lgcc_s] ==> lib [gcc_s]
    arg [--no-as-needed] ==> ignore
    arg [/usr/lib/gcc/x86_64-redhat-linux/4.8.5/crtend.o] ==> ignore
    arg [/usr/lib/gcc/x86_64-redhat-linux/4.8.5/../../../../lib64/crtn.o] ==> ignore
  collapse library dir [/usr/lib/gcc/x86_64-redhat-linux/4.8.5] ==> [/usr/lib/gcc/x86_64-redhat-linux/4.8.5]
  collapse library dir [/usr/lib/gcc/x86_64-redhat-linux/4.8.5/../../../../lib64] ==> [/usr/lib64]
  collapse library dir [/lib/../lib64] ==> [/lib64]
  collapse library dir [/usr/lib/../lib64] ==> [/usr/lib64]
  collapse library dir [/apps/intel/psxe_2018_u3/clck/2018.3/lib/intel64] ==> [/apps/intel/psxe_2018_u3/clck/2018.3/lib/intel64]
  collapse library dir [/apps/intel/psxe_2018_u3/compilers_and_libraries_2018.3.222/linux/ipp/lib/intel64] ==> [/apps/intel/psxe_2018_u3/compilers_and_libraries_2018.3.222/linux/ipp/lib/intel64]
  collapse library dir [/apps/intel/psxe_2018_u3/compilers_and_libraries_2018.3.222/linux/compiler/lib/intel64_lin] ==> [/apps/intel/psxe_2018_u3/compilers_and_libraries_2018.3.222/linux/compiler/lib/intel64_lin]
  collapse library dir [/apps/intel/psxe_2018_u3/compilers_and_libraries_2018.3.222/linux/mkl/lib/intel64_lin] ==> [/apps/intel/psxe_2018_u3/compilers_and_libraries_2018.3.222/linux/mkl/lib/intel64_lin]
  collapse library dir [/apps/intel/psxe_2018_u3/compilers_and_libraries_2018.3.222/linux/tbb/lib/intel64/gcc4.7] ==> [/apps/intel/psxe_2018_u3/compilers_and_libraries_2018.3.222/linux/tbb/lib/intel64/gcc4.7]
  collapse library dir [/apps/intel/psxe_2018_u3/compilers_and_libraries_2018.3.222/linux/tbb/lib/intel64/gcc4.7] ==> [/apps/intel/psxe_2018_u3/compilers_and_libraries_2018.3.222/linux/tbb/lib/intel64/gcc4.7]
  collapse library dir [/apps/intel/psxe_2018_u3/compilers_and_libraries_2018.3.222/linux/daal/lib/intel64_lin] ==> [/apps/intel/psxe_2018_u3/compilers_and_libraries_2018.3.222/linux/daal/lib/intel64_lin]
  collapse library dir [/opt/intel_2019_up3/compilers_and_libraries_2019.3.199/linux/mpi/intel64/libfabric/lib] ==> [/opt/intel_2019_up3/compilers_and_libraries_2019.3.199/linux/mpi/intel64/libfabric/lib]
  collapse library dir [/opt/intel_2019_up3/compilers_and_libraries_2019.3.199/linux/compiler/lib/intel64_lin] ==> [/opt/intel_2019_up3/compilers_and_libraries_2019.3.199/linux/compiler/lib/intel64_lin]
  collapse library dir [/opt/intel_2019_up3/compilers_and_libraries_2019.3.199/linux/mkl/lib/intel64_lin] ==> [/opt/intel_2019_up3/compilers_and_libraries_2019.3.199/linux/mkl/lib/intel64_lin]
  collapse library dir [/opt/intel_2019_up3/compilers_and_libraries_2019.3.199/linux/mpi/intel64/libfabric/lib] ==> [/opt/intel_2019_up3/compilers_and_libraries_2019.3.199/linux/mpi/intel64/libfabric/lib]
  collapse library dir [/opt/intel_2019_up3/compilers_and_libraries_2019.3.199/linux/ipp/lib/intel64] ==> [/opt/intel_2019_up3/compilers_and_libraries_2019.3.199/linux/ipp/lib/intel64]
  collapse library dir [/opt/intel_2019_up3/compilers_and_libraries_2019.3.199/linux/compiler/lib/intel64_lin] ==> [/opt/intel_2019_up3/compilers_and_libraries_2019.3.199/linux/compiler/lib/intel64_lin]
  collapse library dir [/opt/intel_2019_up3/compilers_and_libraries_2019.3.199/linux/mkl/lib/intel64_lin] ==> [/opt/intel_2019_up3/compilers_and_libraries_2019.3.199/linux/mkl/lib/intel64_lin]
  collapse library dir [/opt/intel_2019_up3/compilers_and_libraries_2019.3.199/linux/tbb/lib/intel64/gcc4.7] ==> [/opt/intel_2019_up3/compilers_and_libraries_2019.3.199/linux/tbb/lib/intel64/gcc4.7]
  collapse library dir [/opt/intel_2019_up3/compilers_and_libraries_2019.3.199/linux/tbb/lib/intel64/gcc4.7] ==> [/opt/intel_2019_up3/compilers_and_libraries_2019.3.199/linux/tbb/lib/intel64/gcc4.7]
  collapse library dir [/opt/intel_2019_up3/compilers_and_libraries_2019.3.199/linux/daal/lib/intel64_lin] ==> [/opt/intel_2019_up3/compilers_and_libraries_2019.3.199/linux/daal/lib/intel64_lin]
  collapse library dir [/apps/intel/psxe_2018_u3/clck/2018.3/lib/intel64] ==> [/apps/intel/psxe_2018_u3/clck/2018.3/lib/intel64]
  collapse library dir [/apps/intel/psxe_2018_u3/compilers_and_libraries_2018.3.222/linux/ipp/lib/intel64] ==> [/apps/intel/psxe_2018_u3/compilers_and_libraries_2018.3.222/linux/ipp/lib/intel64]
  collapse library dir [/apps/intel/psxe_2018_u3/compilers_and_libraries_2018.3.222/linux/compiler/lib/intel64_lin] ==> [/apps/intel/psxe_2018_u3/compilers_and_libraries_2018.3.222/linux/compiler/lib/intel64_lin]
  collapse library dir [/apps/intel/psxe_2018_u3/compilers_and_libraries_2018.3.222/linux/mkl/lib/intel64_lin] ==> [/apps/intel/psxe_2018_u3/compilers_and_libraries_2018.3.222/linux/mkl/lib/intel64_lin]
  collapse library dir [/apps/intel/psxe_2018_u3/compilers_and_libraries_2018.3.222/linux/tbb/lib/intel64/gcc4.7] ==> [/apps/intel/psxe_2018_u3/compilers_and_libraries_2018.3.222/linux/tbb/lib/intel64/gcc4.7]
  collapse library dir [/apps/intel/psxe_2018_u3/compilers_and_libraries_2018.3.222/linux/tbb/lib/intel64/gcc4.7] ==> [/apps/intel/psxe_2018_u3/compilers_and_libraries_2018.3.222/linux/tbb/lib/intel64/gcc4.7]
  collapse library dir [/apps/intel/psxe_2018_u3/compilers_and_libraries_2018.3.222/linux/daal/lib/intel64_lin] ==> [/apps/intel/psxe_2018_u3/compilers_and_libraries_2018.3.222/linux/daal/lib/intel64_lin]
  collapse library dir [/apps/intel/psxe_2018_u3/compilers_and_libraries_2018.3.222/linux/daal/../tbb/lib/intel64_lin/gcc4.4] ==> [/apps/intel/psxe_2018_u3/compilers_and_libraries_2018.3.222/linux/tbb/lib/intel64_lin/gcc4.4]
  collapse library dir [/usr/lib/gcc/x86_64-redhat-linux/4.8.5/../../..] ==> [/usr/lib]
  implicit libs: [gcc;gcc_s;c;gcc;gcc_s]
  implicit dirs: [/usr/lib/gcc/x86_64-redhat-linux/4.8.5;/usr/lib64;/lib64;/apps/intel/psxe_2018_u3/clck/2018.3/lib/intel64;/apps/intel/psxe_2018_u3/compilers_and_libraries_2018.3.222/linux/ipp/lib/intel64;/apps/intel/psxe_2018_u3/compilers_and_libraries_2018.3.222/linux/compiler/lib/intel64_lin;/apps/intel/psxe_2018_u3/compilers_and_libraries_2018.3.222/linux/mkl/lib/intel64_lin;/apps/intel/psxe_2018_u3/compilers_and_libraries_2018.3.222/linux/tbb/lib/intel64/gcc4.7;/apps/intel/psxe_2018_u3/compilers_and_libraries_2018.3.222/linux/daal/lib/intel64_lin;/opt/intel_2019_up3/compilers_and_libraries_2019.3.199/linux/mpi/intel64/libfabric/lib;/opt/intel_2019_up3/compilers_and_libraries_2019.3.199/linux/compiler/lib/intel64_lin;/opt/intel_2019_up3/compilers_and_libraries_2019.3.199/linux/mkl/lib/intel64_lin;/opt/intel_2019_up3/compilers_and_libraries_2019.3.199/linux/ipp/lib/intel64;/opt/intel_2019_up3/compilers_and_libraries_2019.3.199/linux/tbb/lib/intel64/gcc4.7;/opt/intel_2019_up3/compilers_and_libraries_2019.3.199/linux/daal/lib/intel64_lin;/apps/intel/psxe_2018_u3/compilers_and_libraries_2018.3.222/linux/tbb/lib/intel64_lin/gcc4.4;/usr/lib]
  implicit fwks: []




Detecting C [-std=c11] compiler features compiled with the following output:
Change Dir: /apps/software/relion-2.1_gaoxing/build/CMakeFiles/CMakeTmp

Run Build Command:"/usr/bin/gmake" "cmTC_4bf0b/fast"
gmake: Warning: File `Makefile' has modification time 87 s in the future
/usr/bin/gmake -f CMakeFiles/cmTC_4bf0b.dir/build.make CMakeFiles/cmTC_4bf0b.dir/build
gmake[1]: Entering directory `/apps/software/relion-2.1_gaoxing/build/CMakeFiles/CMakeTmp'
gmake[1]: Warning: File `CMakeFiles/cmTC_4bf0b.dir/flags.make' has modification time 87 s in the future
Building C object CMakeFiles/cmTC_4bf0b.dir/feature_tests.c.o
/usr/bin/cc   -std=c11 -o CMakeFiles/cmTC_4bf0b.dir/feature_tests.c.o   -c /apps/software/relion-2.1_gaoxing/build/CMakeFiles/feature_tests.c
Linking C executable cmTC_4bf0b
/apps/software/cmake/3.13.2/bin/cmake -E cmake_link_script CMakeFiles/cmTC_4bf0b.dir/link.txt --verbose=1
/usr/bin/cc      -rdynamic CMakeFiles/cmTC_4bf0b.dir/feature_tests.c.o  -o cmTC_4bf0b 
gmake[1]: warning:  Clock skew detected.  Your build may be incomplete.
gmake[1]: Leaving directory `/apps/software/relion-2.1_gaoxing/build/CMakeFiles/CMakeTmp'
gmake: warning:  Clock skew detected.  Your build may be incomplete.


    Feature record: C_FEATURE:1c_function_prototypes
    Feature record: C_FEATURE:1c_restrict
    Feature record: C_FEATURE:1c_static_assert
    Feature record: C_FEATURE:1c_variadic_macros


Detecting C [-std=c99] compiler features compiled with the following output:
Change Dir: /apps/software/relion-2.1_gaoxing/build/CMakeFiles/CMakeTmp

Run Build Command:"/usr/bin/gmake" "cmTC_8b18c/fast"
gmake: Warning: File `Makefile' has modification time 87 s in the future
/usr/bin/gmake -f CMakeFiles/cmTC_8b18c.dir/build.make CMakeFiles/cmTC_8b18c.dir/build
gmake[1]: Entering directory `/apps/software/relion-2.1_gaoxing/build/CMakeFiles/CMakeTmp'
gmake[1]: Warning: File `CMakeFiles/cmTC_8b18c.dir/flags.make' has modification time 87 s in the future
Building C object CMakeFiles/cmTC_8b18c.dir/feature_tests.c.o
/usr/bin/cc   -std=c99 -o CMakeFiles/cmTC_8b18c.dir/feature_tests.c.o   -c /apps/software/relion-2.1_gaoxing/build/CMakeFiles/feature_tests.c
Linking C executable cmTC_8b18c
/apps/software/cmake/3.13.2/bin/cmake -E cmake_link_script CMakeFiles/cmTC_8b18c.dir/link.txt --verbose=1
/usr/bin/cc      -rdynamic CMakeFiles/cmTC_8b18c.dir/feature_tests.c.o  -o cmTC_8b18c 
gmake[1]: warning:  Clock skew detected.  Your build may be incomplete.
gmake[1]: Leaving directory `/apps/software/relion-2.1_gaoxing/build/CMakeFiles/CMakeTmp'
gmake: warning:  Clock skew detected.  Your build may be incomplete.


    Feature record: C_FEATURE:1c_function_prototypes
    Feature record: C_FEATURE:1c_restrict
    Feature record: C_FEATURE:0c_static_assert
    Feature record: C_FEATURE:1c_variadic_macros


Detecting C [-std=c90] compiler features compiled with the following output:
Change Dir: /apps/software/relion-2.1_gaoxing/build/CMakeFiles/CMakeTmp

Run Build Command:"/usr/bin/gmake" "cmTC_688a5/fast"
gmake: Warning: File `Makefile' has modification time 87 s in the future
/usr/bin/gmake -f CMakeFiles/cmTC_688a5.dir/build.make CMakeFiles/cmTC_688a5.dir/build
gmake[1]: Entering directory `/apps/software/relion-2.1_gaoxing/build/CMakeFiles/CMakeTmp'
gmake[1]: Warning: File `CMakeFiles/cmTC_688a5.dir/flags.make' has modification time 87 s in the future
Building C object CMakeFiles/cmTC_688a5.dir/feature_tests.c.o
/usr/bin/cc   -std=c90 -o CMakeFiles/cmTC_688a5.dir/feature_tests.c.o   -c /apps/software/relion-2.1_gaoxing/build/CMakeFiles/feature_tests.c
Linking C executable cmTC_688a5
/apps/software/cmake/3.13.2/bin/cmake -E cmake_link_script CMakeFiles/cmTC_688a5.dir/link.txt --verbose=1
/usr/bin/cc      -rdynamic CMakeFiles/cmTC_688a5.dir/feature_tests.c.o  -o cmTC_688a5 
gmake[1]: warning:  Clock skew detected.  Your build may be incomplete.
gmake[1]: Leaving directory `/apps/software/relion-2.1_gaoxing/build/CMakeFiles/CMakeTmp'
gmake: warning:  Clock skew detected.  Your build may be incomplete.


    Feature record: C_FEATURE:1c_function_prototypes
    Feature record: C_FEATURE:0c_restrict
    Feature record: C_FEATURE:0c_static_assert
    Feature record: C_FEATURE:0c_variadic_macros
Determining if the CXX compiler works passed with the following output:
Change Dir: /apps/software/relion-2.1_gaoxing/build/CMakeFiles/CMakeTmp

Run Build Command:"/usr/bin/gmake" "cmTC_cfdfe/fast"
gmake: Warning: File `Makefile' has modification time 87 s in the future
/usr/bin/gmake -f CMakeFiles/cmTC_cfdfe.dir/build.make CMakeFiles/cmTC_cfdfe.dir/build
gmake[1]: Entering directory `/apps/software/relion-2.1_gaoxing/build/CMakeFiles/CMakeTmp'
gmake[1]: Warning: File `CMakeFiles/cmTC_cfdfe.dir/flags.make' has modification time 87 s in the future
Building CXX object CMakeFiles/cmTC_cfdfe.dir/testCXXCompiler.cxx.o
/usr/bin/c++     -o CMakeFiles/cmTC_cfdfe.dir/testCXXCompiler.cxx.o -c /apps/software/relion-2.1_gaoxing/build/CMakeFiles/CMakeTmp/testCXXCompiler.cxx
Linking CXX executable cmTC_cfdfe
/apps/software/cmake/3.13.2/bin/cmake -E cmake_link_script CMakeFiles/cmTC_cfdfe.dir/link.txt --verbose=1
/usr/bin/c++       -rdynamic CMakeFiles/cmTC_cfdfe.dir/testCXXCompiler.cxx.o  -o cmTC_cfdfe 
gmake[1]: warning:  Clock skew detected.  Your build may be incomplete.
gmake[1]: Leaving directory `/apps/software/relion-2.1_gaoxing/build/CMakeFiles/CMakeTmp'
gmake: warning:  Clock skew detected.  Your build may be incomplete.


Detecting CXX compiler ABI info compiled with the following output:
Change Dir: /apps/software/relion-2.1_gaoxing/build/CMakeFiles/CMakeTmp

Run Build Command:"/usr/bin/gmake" "cmTC_ac312/fast"
gmake: Warning: File `Makefile' has modification time 87 s in the future
/usr/bin/gmake -f CMakeFiles/cmTC_ac312.dir/build.make CMakeFiles/cmTC_ac312.dir/build
gmake[1]: Entering directory `/apps/software/relion-2.1_gaoxing/build/CMakeFiles/CMakeTmp'
gmake[1]: Warning: File `CMakeFiles/cmTC_ac312.dir/flags.make' has modification time 87 s in the future
Building CXX object CMakeFiles/cmTC_ac312.dir/CMakeCXXCompilerABI.cpp.o
/usr/bin/c++     -o CMakeFiles/cmTC_ac312.dir/CMakeCXXCompilerABI.cpp.o -c /apps/software/cmake/3.13.2/share/cmake-3.13/Modules/CMakeCXXCompilerABI.cpp
Linking CXX executable cmTC_ac312
/apps/software/cmake/3.13.2/bin/cmake -E cmake_link_script CMakeFiles/cmTC_ac312.dir/link.txt --verbose=1
/usr/bin/c++      -v -rdynamic CMakeFiles/cmTC_ac312.dir/CMakeCXXCompilerABI.cpp.o  -o cmTC_ac312 
Using built-in specs.
COLLECT_GCC=/usr/bin/c++
COLLECT_LTO_WRAPPER=/usr/libexec/gcc/x86_64-redhat-linux/4.8.5/lto-wrapper
Target: x86_64-redhat-linux
Configured with: ../configure --prefix=/usr --mandir=/usr/share/man --infodir=/usr/share/info --with-bugurl=http://bugzilla.redhat.com/bugzilla --enable-bootstrap --enable-shared --enable-threads=posix --enable-checking=release --with-system-zlib --enable-__cxa_atexit --disable-libunwind-exceptions --enable-gnu-unique-object --enable-linker-build-id --with-linker-hash-style=gnu --enable-languages=c,c++,objc,obj-c++,java,fortran,ada,go,lto --enable-plugin --enable-initfini-array --disable-libgcj --with-isl=/builddir/build/BUILD/gcc-4.8.5-20150702/obj-x86_64-redhat-linux/isl-install --with-cloog=/builddir/build/BUILD/gcc-4.8.5-20150702/obj-x86_64-redhat-linux/cloog-install --enable-gnu-indirect-function --with-tune=generic --with-arch_32=x86-64 --build=x86_64-redhat-linux
Thread model: posix
gcc version 4.8.5 20150623 (Red Hat 4.8.5-36) (GCC) 
COMPILER_PATH=/usr/libexec/gcc/x86_64-redhat-linux/4.8.5/:/usr/libexec/gcc/x86_64-redhat-linux/4.8.5/:/usr/libexec/gcc/x86_64-redhat-linux/:/usr/lib/gcc/x86_64-redhat-linux/4.8.5/:/usr/lib/gcc/x86_64-redhat-linux/
LIBRARY_PATH=/usr/lib/gcc/x86_64-redhat-linux/4.8.5/:/usr/lib/gcc/x86_64-redhat-linux/4.8.5/../../../../lib64/:/lib/../lib64/:/usr/lib/../lib64/:/apps/intel/psxe_2018_u3/clck/2018.3/lib/intel64/:/apps/intel/psxe_2018_u3/compilers_and_libraries_2018.3.222/linux/ipp/lib/intel64/:/apps/intel/psxe_2018_u3/compilers_and_libraries_2018.3.222/linux/compiler/lib/intel64_lin/:/apps/intel/psxe_2018_u3/compilers_and_libraries_2018.3.222/linux/mkl/lib/intel64_lin/:/apps/intel/psxe_2018_u3/compilers_and_libraries_2018.3.222/linux/tbb/lib/intel64/gcc4.7/:/apps/intel/psxe_2018_u3/compilers_and_libraries_2018.3.222/linux/tbb/lib/intel64/gcc4.7/:/apps/intel/psxe_2018_u3/compilers_and_libraries_2018.3.222/linux/daal/lib/intel64_lin/:/opt/intel_2019_up3/compilers_and_libraries_2019.3.199/linux/mpi/intel64/libfabric/lib/:/opt/intel_2019_up3/compilers_and_libraries_2019.3.199/linux/compiler/lib/intel64_lin/:/opt/intel_2019_up3/compilers_and_libraries_2019.3.199/linux/mkl/lib/intel64_lin/:/opt/intel_2019_up3/compilers_and_libraries_2019.3.199/linux/mpi/intel64/libfabric/lib/:/opt/intel_2019_up3/compilers_and_libraries_2019.3.199/linux/ipp/lib/intel64/:/opt/intel_2019_up3/compilers_and_libraries_2019.3.199/linux/compiler/lib/intel64_lin/:/opt/intel_2019_up3/compilers_and_libraries_2019.3.199/linux/mkl/lib/intel64_lin/:/opt/intel_2019_up3/compilers_and_libraries_2019.3.199/linux/tbb/lib/intel64/gcc4.7/:/opt/intel_2019_up3/compilers_and_libraries_2019.3.199/linux/tbb/lib/intel64/gcc4.7/:/opt/intel_2019_up3/compilers_and_libraries_2019.3.199/linux/daal/lib/intel64_lin/:/apps/intel/psxe_2018_u3/clck/2018.3/lib/intel64/:/apps/intel/psxe_2018_u3/compilers_and_libraries_2018.3.222/linux/ipp/lib/intel64/:/apps/intel/psxe_2018_u3/compilers_and_libraries_2018.3.222/linux/compiler/lib/intel64_lin/:/apps/intel/psxe_2018_u3/compilers_and_libraries_2018.3.222/linux/mkl/lib/intel64_lin/:/apps/intel/psxe_2018_u3/compilers_and_libraries_2018.3.222/linux/tbb/lib/intel64/gcc4.7/:/apps/intel/psxe_2018_u3/compilers_and_libraries_2018.3.222/linux/tbb/lib/intel64/gcc4.7/:/apps/intel/psxe_2018_u3/compilers_and_libraries_2018.3.222/linux/daal/lib/intel64_lin/:/apps/intel/psxe_2018_u3/compilers_and_libraries_2018.3.222/linux/daal/../tbb/lib/intel64_lin/gcc4.4/:/usr/lib/gcc/x86_64-redhat-linux/4.8.5/../../../:/lib/:/usr/lib/
COLLECT_GCC_OPTIONS='-v' '-rdynamic' '-o' 'cmTC_ac312' '-shared-libgcc' '-mtune=generic' '-march=x86-64'
 /usr/libexec/gcc/x86_64-redhat-linux/4.8.5/collect2 --build-id --no-add-needed --eh-frame-hdr --hash-style=gnu -m elf_x86_64 -export-dynamic -dynamic-linker /lib64/ld-linux-x86-64.so.2 -o cmTC_ac312 /usr/lib/gcc/x86_64-redhat-linux/4.8.5/../../../../lib64/crt1.o /usr/lib/gcc/x86_64-redhat-linux/4.8.5/../../../../lib64/crti.o /usr/lib/gcc/x86_64-redhat-linux/4.8.5/crtbegin.o -L/usr/lib/gcc/x86_64-redhat-linux/4.8.5 -L/usr/lib/gcc/x86_64-redhat-linux/4.8.5/../../../../lib64 -L/lib/../lib64 -L/usr/lib/../lib64 -L/apps/intel/psxe_2018_u3/clck/2018.3/lib/intel64 -L/apps/intel/psxe_2018_u3/compilers_and_libraries_2018.3.222/linux/ipp/lib/intel64 -L/apps/intel/psxe_2018_u3/compilers_and_libraries_2018.3.222/linux/compiler/lib/intel64_lin -L/apps/intel/psxe_2018_u3/compilers_and_libraries_2018.3.222/linux/mkl/lib/intel64_lin -L/apps/intel/psxe_2018_u3/compilers_and_libraries_2018.3.222/linux/tbb/lib/intel64/gcc4.7 -L/apps/intel/psxe_2018_u3/compilers_and_libraries_2018.3.222/linux/tbb/lib/intel64/gcc4.7 -L/apps/intel/psxe_2018_u3/compilers_and_libraries_2018.3.222/linux/daal/lib/intel64_lin -L/opt/intel_2019_up3/compilers_and_libraries_2019.3.199/linux/mpi/intel64/libfabric/lib -L/opt/intel_2019_up3/compilers_and_libraries_2019.3.199/linux/compiler/lib/intel64_lin -L/opt/intel_2019_up3/compilers_and_libraries_2019.3.199/linux/mkl/lib/intel64_lin -L/opt/intel_2019_up3/compilers_and_libraries_2019.3.199/linux/mpi/intel64/libfabric/lib -L/opt/intel_2019_up3/compilers_and_libraries_2019.3.199/linux/ipp/lib/intel64 -L/opt/intel_2019_up3/compilers_and_libraries_2019.3.199/linux/compiler/lib/intel64_lin -L/opt/intel_2019_up3/compilers_and_libraries_2019.3.199/linux/mkl/lib/intel64_lin -L/opt/intel_2019_up3/compilers_and_libraries_2019.3.199/linux/tbb/lib/intel64/gcc4.7 -L/opt/intel_2019_up3/compilers_and_libraries_2019.3.199/linux/tbb/lib/intel64/gcc4.7 -L/opt/intel_2019_up3/compilers_and_libraries_2019.3.199/linux/daal/lib/intel64_lin -L/apps/intel/psxe_2018_u3/clck/2018.3/lib/intel64 -L/apps/intel/psxe_2018_u3/compilers_and_libraries_2018.3.222/linux/ipp/lib/intel64 -L/apps/intel/psxe_2018_u3/compilers_and_libraries_2018.3.222/linux/compiler/lib/intel64_lin -L/apps/intel/psxe_2018_u3/compilers_and_libraries_2018.3.222/linux/mkl/lib/intel64_lin -L/apps/intel/psxe_2018_u3/compilers_and_libraries_2018.3.222/linux/tbb/lib/intel64/gcc4.7 -L/apps/intel/psxe_2018_u3/compilers_and_libraries_2018.3.222/linux/tbb/lib/intel64/gcc4.7 -L/apps/intel/psxe_2018_u3/compilers_and_libraries_2018.3.222/linux/daal/lib/intel64_lin -L/apps/intel/psxe_2018_u3/compilers_and_libraries_2018.3.222/linux/daal/../tbb/lib/intel64_lin/gcc4.4 -L/usr/lib/gcc/x86_64-redhat-linux/4.8.5/../../.. CMakeFiles/cmTC_ac312.dir/CMakeCXXCompilerABI.cpp.o -lstdc++ -lm -lgcc_s -lgcc -lc -lgcc_s -lgcc /usr/lib/gcc/x86_64-redhat-linux/4.8.5/crtend.o /usr/lib/gcc/x86_64-redhat-linux/4.8.5/../../../../lib64/crtn.o
gmake[1]: warning:  Clock skew detected.  Your build may be incomplete.
gmake[1]: Leaving directory `/apps/software/relion-2.1_gaoxing/build/CMakeFiles/CMakeTmp'
gmake: warning:  Clock skew detected.  Your build may be incomplete.


Parsed CXX implicit link information from above output:
  link line regex: [^( *|.*[/\])(ld|CMAKE_LINK_STARTFILE-NOTFOUND|([^/\]+-)?ld|collect2)[^/\]*( |$)]
  ignore line: [Change Dir: /apps/software/relion-2.1_gaoxing/build/CMakeFiles/CMakeTmp]
  ignore line: []
  ignore line: [Run Build Command:"/usr/bin/gmake" "cmTC_ac312/fast"]
  ignore line: [gmake: Warning: File `Makefile' has modification time 87 s in the future]
  ignore line: [/usr/bin/gmake -f CMakeFiles/cmTC_ac312.dir/build.make CMakeFiles/cmTC_ac312.dir/build]
  ignore line: [gmake[1]: Entering directory `/apps/software/relion-2.1_gaoxing/build/CMakeFiles/CMakeTmp']
  ignore line: [gmake[1]: Warning: File `CMakeFiles/cmTC_ac312.dir/flags.make' has modification time 87 s in the future]
  ignore line: [Building CXX object CMakeFiles/cmTC_ac312.dir/CMakeCXXCompilerABI.cpp.o]
  ignore line: [/usr/bin/c++     -o CMakeFiles/cmTC_ac312.dir/CMakeCXXCompilerABI.cpp.o -c /apps/software/cmake/3.13.2/share/cmake-3.13/Modules/CMakeCXXCompilerABI.cpp]
  ignore line: [Linking CXX executable cmTC_ac312]
  ignore line: [/apps/software/cmake/3.13.2/bin/cmake -E cmake_link_script CMakeFiles/cmTC_ac312.dir/link.txt --verbose=1]
  ignore line: [/usr/bin/c++      -v -rdynamic CMakeFiles/cmTC_ac312.dir/CMakeCXXCompilerABI.cpp.o  -o cmTC_ac312 ]
  ignore line: [Using built-in specs.]
  ignore line: [COLLECT_GCC=/usr/bin/c++]
  ignore line: [COLLECT_LTO_WRAPPER=/usr/libexec/gcc/x86_64-redhat-linux/4.8.5/lto-wrapper]
  ignore line: [Target: x86_64-redhat-linux]
  ignore line: [Configured with: ../configure --prefix=/usr --mandir=/usr/share/man --infodir=/usr/share/info --with-bugurl=http://bugzilla.redhat.com/bugzilla --enable-bootstrap --enable-shared --enable-threads=posix --enable-checking=release --with-system-zlib --enable-__cxa_atexit --disable-libunwind-exceptions --enable-gnu-unique-object --enable-linker-build-id --with-linker-hash-style=gnu --enable-languages=c,c++,objc,obj-c++,java,fortran,ada,go,lto --enable-plugin --enable-initfini-array --disable-libgcj --with-isl=/builddir/build/BUILD/gcc-4.8.5-20150702/obj-x86_64-redhat-linux/isl-install --with-cloog=/builddir/build/BUILD/gcc-4.8.5-20150702/obj-x86_64-redhat-linux/cloog-install --enable-gnu-indirect-function --with-tune=generic --with-arch_32=x86-64 --build=x86_64-redhat-linux]
  ignore line: [Thread model: posix]
  ignore line: [gcc version 4.8.5 20150623 (Red Hat 4.8.5-36) (GCC) ]
  ignore line: [COMPILER_PATH=/usr/libexec/gcc/x86_64-redhat-linux/4.8.5/:/usr/libexec/gcc/x86_64-redhat-linux/4.8.5/:/usr/libexec/gcc/x86_64-redhat-linux/:/usr/lib/gcc/x86_64-redhat-linux/4.8.5/:/usr/lib/gcc/x86_64-redhat-linux/]
  ignore line: [LIBRARY_PATH=/usr/lib/gcc/x86_64-redhat-linux/4.8.5/:/usr/lib/gcc/x86_64-redhat-linux/4.8.5/../../../../lib64/:/lib/../lib64/:/usr/lib/../lib64/:/apps/intel/psxe_2018_u3/clck/2018.3/lib/intel64/:/apps/intel/psxe_2018_u3/compilers_and_libraries_2018.3.222/linux/ipp/lib/intel64/:/apps/intel/psxe_2018_u3/compilers_and_libraries_2018.3.222/linux/compiler/lib/intel64_lin/:/apps/intel/psxe_2018_u3/compilers_and_libraries_2018.3.222/linux/mkl/lib/intel64_lin/:/apps/intel/psxe_2018_u3/compilers_and_libraries_2018.3.222/linux/tbb/lib/intel64/gcc4.7/:/apps/intel/psxe_2018_u3/compilers_and_libraries_2018.3.222/linux/tbb/lib/intel64/gcc4.7/:/apps/intel/psxe_2018_u3/compilers_and_libraries_2018.3.222/linux/daal/lib/intel64_lin/:/opt/intel_2019_up3/compilers_and_libraries_2019.3.199/linux/mpi/intel64/libfabric/lib/:/opt/intel_2019_up3/compilers_and_libraries_2019.3.199/linux/compiler/lib/intel64_lin/:/opt/intel_2019_up3/compilers_and_libraries_2019.3.199/linux/mkl/lib/intel64_lin/:/opt/intel_2019_up3/compilers_and_libraries_2019.3.199/linux/mpi/intel64/libfabric/lib/:/opt/intel_2019_up3/compilers_and_libraries_2019.3.199/linux/ipp/lib/intel64/:/opt/intel_2019_up3/compilers_and_libraries_2019.3.199/linux/compiler/lib/intel64_lin/:/opt/intel_2019_up3/compilers_and_libraries_2019.3.199/linux/mkl/lib/intel64_lin/:/opt/intel_2019_up3/compilers_and_libraries_2019.3.199/linux/tbb/lib/intel64/gcc4.7/:/opt/intel_2019_up3/compilers_and_libraries_2019.3.199/linux/tbb/lib/intel64/gcc4.7/:/opt/intel_2019_up3/compilers_and_libraries_2019.3.199/linux/daal/lib/intel64_lin/:/apps/intel/psxe_2018_u3/clck/2018.3/lib/intel64/:/apps/intel/psxe_2018_u3/compilers_and_libraries_2018.3.222/linux/ipp/lib/intel64/:/apps/intel/psxe_2018_u3/compilers_and_libraries_2018.3.222/linux/compiler/lib/intel64_lin/:/apps/intel/psxe_2018_u3/compilers_and_libraries_2018.3.222/linux/mkl/lib/intel64_lin/:/apps/intel/psxe_2018_u3/compilers_and_libraries_2018.3.222/linux/tbb/lib/intel64/gcc4.7/:/apps/intel/psxe_2018_u3/compilers_and_libraries_2018.3.222/linux/tbb/lib/intel64/gcc4.7/:/apps/intel/psxe_2018_u3/compilers_and_libraries_2018.3.222/linux/daal/lib/intel64_lin/:/apps/intel/psxe_2018_u3/compilers_and_libraries_2018.3.222/linux/daal/../tbb/lib/intel64_lin/gcc4.4/:/usr/lib/gcc/x86_64-redhat-linux/4.8.5/../../../:/lib/:/usr/lib/]
  ignore line: [COLLECT_GCC_OPTIONS='-v' '-rdynamic' '-o' 'cmTC_ac312' '-shared-libgcc' '-mtune=generic' '-march=x86-64']
  link line: [ /usr/libexec/gcc/x86_64-redhat-linux/4.8.5/collect2 --build-id --no-add-needed --eh-frame-hdr --hash-style=gnu -m elf_x86_64 -export-dynamic -dynamic-linker /lib64/ld-linux-x86-64.so.2 -o cmTC_ac312 /usr/lib/gcc/x86_64-redhat-linux/4.8.5/../../../../lib64/crt1.o /usr/lib/gcc/x86_64-redhat-linux/4.8.5/../../../../lib64/crti.o /usr/lib/gcc/x86_64-redhat-linux/4.8.5/crtbegin.o -L/usr/lib/gcc/x86_64-redhat-linux/4.8.5 -L/usr/lib/gcc/x86_64-redhat-linux/4.8.5/../../../../lib64 -L/lib/../lib64 -L/usr/lib/../lib64 -L/apps/intel/psxe_2018_u3/clck/2018.3/lib/intel64 -L/apps/intel/psxe_2018_u3/compilers_and_libraries_2018.3.222/linux/ipp/lib/intel64 -L/apps/intel/psxe_2018_u3/compilers_and_libraries_2018.3.222/linux/compiler/lib/intel64_lin -L/apps/intel/psxe_2018_u3/compilers_and_libraries_2018.3.222/linux/mkl/lib/intel64_lin -L/apps/intel/psxe_2018_u3/compilers_and_libraries_2018.3.222/linux/tbb/lib/intel64/gcc4.7 -L/apps/intel/psxe_2018_u3/compilers_and_libraries_2018.3.222/linux/tbb/lib/intel64/gcc4.7 -L/apps/intel/psxe_2018_u3/compilers_and_libraries_2018.3.222/linux/daal/lib/intel64_lin -L/opt/intel_2019_up3/compilers_and_libraries_2019.3.199/linux/mpi/intel64/libfabric/lib -L/opt/intel_2019_up3/compilers_and_libraries_2019.3.199/linux/compiler/lib/intel64_lin -L/opt/intel_2019_up3/compilers_and_libraries_2019.3.199/linux/mkl/lib/intel64_lin -L/opt/intel_2019_up3/compilers_and_libraries_2019.3.199/linux/mpi/intel64/libfabric/lib -L/opt/intel_2019_up3/compilers_and_libraries_2019.3.199/linux/ipp/lib/intel64 -L/opt/intel_2019_up3/compilers_and_libraries_2019.3.199/linux/compiler/lib/intel64_lin -L/opt/intel_2019_up3/compilers_and_libraries_2019.3.199/linux/mkl/lib/intel64_lin -L/opt/intel_2019_up3/compilers_and_libraries_2019.3.199/linux/tbb/lib/intel64/gcc4.7 -L/opt/intel_2019_up3/compilers_and_libraries_2019.3.199/linux/tbb/lib/intel64/gcc4.7 -L/opt/intel_2019_up3/compilers_and_libraries_2019.3.199/linux/daal/lib/intel64_lin -L/apps/intel/psxe_2018_u3/clck/2018.3/lib/intel64 -L/apps/intel/psxe_2018_u3/compilers_and_libraries_2018.3.222/linux/ipp/lib/intel64 -L/apps/intel/psxe_2018_u3/compilers_and_libraries_2018.3.222/linux/compiler/lib/intel64_lin -L/apps/intel/psxe_2018_u3/compilers_and_libraries_2018.3.222/linux/mkl/lib/intel64_lin -L/apps/intel/psxe_2018_u3/compilers_and_libraries_2018.3.222/linux/tbb/lib/intel64/gcc4.7 -L/apps/intel/psxe_2018_u3/compilers_and_libraries_2018.3.222/linux/tbb/lib/intel64/gcc4.7 -L/apps/intel/psxe_2018_u3/compilers_and_libraries_2018.3.222/linux/daal/lib/intel64_lin -L/apps/intel/psxe_2018_u3/compilers_and_libraries_2018.3.222/linux/daal/../tbb/lib/intel64_lin/gcc4.4 -L/usr/lib/gcc/x86_64-redhat-linux/4.8.5/../../.. CMakeFiles/cmTC_ac312.dir/CMakeCXXCompilerABI.cpp.o -lstdc++ -lm -lgcc_s -lgcc -lc -lgcc_s -lgcc /usr/lib/gcc/x86_64-redhat-linux/4.8.5/crtend.o /usr/lib/gcc/x86_64-redhat-linux/4.8.5/../../../../lib64/crtn.o]
    arg [/usr/libexec/gcc/x86_64-redhat-linux/4.8.5/collect2] ==> ignore
    arg [--build-id] ==> ignore
    arg [--no-add-needed] ==> ignore
    arg [--eh-frame-hdr] ==> ignore
    arg [--hash-style=gnu] ==> ignore
    arg [-m] ==> ignore
    arg [elf_x86_64] ==> ignore
    arg [-export-dynamic] ==> ignore
    arg [-dynamic-linker] ==> ignore
    arg [/lib64/ld-linux-x86-64.so.2] ==> ignore
    arg [-o] ==> ignore
    arg [cmTC_ac312] ==> ignore
    arg [/usr/lib/gcc/x86_64-redhat-linux/4.8.5/../../../../lib64/crt1.o] ==> ignore
    arg [/usr/lib/gcc/x86_64-redhat-linux/4.8.5/../../../../lib64/crti.o] ==> ignore
    arg [/usr/lib/gcc/x86_64-redhat-linux/4.8.5/crtbegin.o] ==> ignore
    arg [-L/usr/lib/gcc/x86_64-redhat-linux/4.8.5] ==> dir [/usr/lib/gcc/x86_64-redhat-linux/4.8.5]
    arg [-L/usr/lib/gcc/x86_64-redhat-linux/4.8.5/../../../../lib64] ==> dir [/usr/lib/gcc/x86_64-redhat-linux/4.8.5/../../../../lib64]
    arg [-L/lib/../lib64] ==> dir [/lib/../lib64]
    arg [-L/usr/lib/../lib64] ==> dir [/usr/lib/../lib64]
    arg [-L/apps/intel/psxe_2018_u3/clck/2018.3/lib/intel64] ==> dir [/apps/intel/psxe_2018_u3/clck/2018.3/lib/intel64]
    arg [-L/apps/intel/psxe_2018_u3/compilers_and_libraries_2018.3.222/linux/ipp/lib/intel64] ==> dir [/apps/intel/psxe_2018_u3/compilers_and_libraries_2018.3.222/linux/ipp/lib/intel64]
    arg [-L/apps/intel/psxe_2018_u3/compilers_and_libraries_2018.3.222/linux/compiler/lib/intel64_lin] ==> dir [/apps/intel/psxe_2018_u3/compilers_and_libraries_2018.3.222/linux/compiler/lib/intel64_lin]
    arg [-L/apps/intel/psxe_2018_u3/compilers_and_libraries_2018.3.222/linux/mkl/lib/intel64_lin] ==> dir [/apps/intel/psxe_2018_u3/compilers_and_libraries_2018.3.222/linux/mkl/lib/intel64_lin]
    arg [-L/apps/intel/psxe_2018_u3/compilers_and_libraries_2018.3.222/linux/tbb/lib/intel64/gcc4.7] ==> dir [/apps/intel/psxe_2018_u3/compilers_and_libraries_2018.3.222/linux/tbb/lib/intel64/gcc4.7]
    arg [-L/apps/intel/psxe_2018_u3/compilers_and_libraries_2018.3.222/linux/tbb/lib/intel64/gcc4.7] ==> dir [/apps/intel/psxe_2018_u3/compilers_and_libraries_2018.3.222/linux/tbb/lib/intel64/gcc4.7]
    arg [-L/apps/intel/psxe_2018_u3/compilers_and_libraries_2018.3.222/linux/daal/lib/intel64_lin] ==> dir [/apps/intel/psxe_2018_u3/compilers_and_libraries_2018.3.222/linux/daal/lib/intel64_lin]
    arg [-L/opt/intel_2019_up3/compilers_and_libraries_2019.3.199/linux/mpi/intel64/libfabric/lib] ==> dir [/opt/intel_2019_up3/compilers_and_libraries_2019.3.199/linux/mpi/intel64/libfabric/lib]
    arg [-L/opt/intel_2019_up3/compilers_and_libraries_2019.3.199/linux/compiler/lib/intel64_lin] ==> dir [/opt/intel_2019_up3/compilers_and_libraries_2019.3.199/linux/compiler/lib/intel64_lin]
    arg [-L/opt/intel_2019_up3/compilers_and_libraries_2019.3.199/linux/mkl/lib/intel64_lin] ==> dir [/opt/intel_2019_up3/compilers_and_libraries_2019.3.199/linux/mkl/lib/intel64_lin]
    arg [-L/opt/intel_2019_up3/compilers_and_libraries_2019.3.199/linux/mpi/intel64/libfabric/lib] ==> dir [/opt/intel_2019_up3/compilers_and_libraries_2019.3.199/linux/mpi/intel64/libfabric/lib]
    arg [-L/opt/intel_2019_up3/compilers_and_libraries_2019.3.199/linux/ipp/lib/intel64] ==> dir [/opt/intel_2019_up3/compilers_and_libraries_2019.3.199/linux/ipp/lib/intel64]
    arg [-L/opt/intel_2019_up3/compilers_and_libraries_2019.3.199/linux/compiler/lib/intel64_lin] ==> dir [/opt/intel_2019_up3/compilers_and_libraries_2019.3.199/linux/compiler/lib/intel64_lin]
    arg [-L/opt/intel_2019_up3/compilers_and_libraries_2019.3.199/linux/mkl/lib/intel64_lin] ==> dir [/opt/intel_2019_up3/compilers_and_libraries_2019.3.199/linux/mkl/lib/intel64_lin]
    arg [-L/opt/intel_2019_up3/compilers_and_libraries_2019.3.199/linux/tbb/lib/intel64/gcc4.7] ==> dir [/opt/intel_2019_up3/compilers_and_libraries_2019.3.199/linux/tbb/lib/intel64/gcc4.7]
    arg [-L/opt/intel_2019_up3/compilers_and_libraries_2019.3.199/linux/tbb/lib/intel64/gcc4.7] ==> dir [/opt/intel_2019_up3/compilers_and_libraries_2019.3.199/linux/tbb/lib/intel64/gcc4.7]
    arg [-L/opt/intel_2019_up3/compilers_and_libraries_2019.3.199/linux/daal/lib/intel64_lin] ==> dir [/opt/intel_2019_up3/compilers_and_libraries_2019.3.199/linux/daal/lib/intel64_lin]
    arg [-L/apps/intel/psxe_2018_u3/clck/2018.3/lib/intel64] ==> dir [/apps/intel/psxe_2018_u3/clck/2018.3/lib/intel64]
    arg [-L/apps/intel/psxe_2018_u3/compilers_and_libraries_2018.3.222/linux/ipp/lib/intel64] ==> dir [/apps/intel/psxe_2018_u3/compilers_and_libraries_2018.3.222/linux/ipp/lib/intel64]
    arg [-L/apps/intel/psxe_2018_u3/compilers_and_libraries_2018.3.222/linux/compiler/lib/intel64_lin] ==> dir [/apps/intel/psxe_2018_u3/compilers_and_libraries_2018.3.222/linux/compiler/lib/intel64_lin]
    arg [-L/apps/intel/psxe_2018_u3/compilers_and_libraries_2018.3.222/linux/mkl/lib/intel64_lin] ==> dir [/apps/intel/psxe_2018_u3/compilers_and_libraries_2018.3.222/linux/mkl/lib/intel64_lin]
    arg [-L/apps/intel/psxe_2018_u3/compilers_and_libraries_2018.3.222/linux/tbb/lib/intel64/gcc4.7] ==> dir [/apps/intel/psxe_2018_u3/compilers_and_libraries_2018.3.222/linux/tbb/lib/intel64/gcc4.7]
    arg [-L/apps/intel/psxe_2018_u3/compilers_and_libraries_2018.3.222/linux/tbb/lib/intel64/gcc4.7] ==> dir [/apps/intel/psxe_2018_u3/compilers_and_libraries_2018.3.222/linux/tbb/lib/intel64/gcc4.7]
    arg [-L/apps/intel/psxe_2018_u3/compilers_and_libraries_2018.3.222/linux/daal/lib/intel64_lin] ==> dir [/apps/intel/psxe_2018_u3/compilers_and_libraries_2018.3.222/linux/daal/lib/intel64_lin]
    arg [-L/apps/intel/psxe_2018_u3/compilers_and_libraries_2018.3.222/linux/daal/../tbb/lib/intel64_lin/gcc4.4] ==> dir [/apps/intel/psxe_2018_u3/compilers_and_libraries_2018.3.222/linux/daal/../tbb/lib/intel64_lin/gcc4.4]
    arg [-L/usr/lib/gcc/x86_64-redhat-linux/4.8.5/../../..] ==> dir [/usr/lib/gcc/x86_64-redhat-linux/4.8.5/../../..]
    arg [CMakeFiles/cmTC_ac312.dir/CMakeCXXCompilerABI.cpp.o] ==> ignore
    arg [-lstdc++] ==> lib [stdc++]
    arg [-lm] ==> lib [m]
    arg [-lgcc_s] ==> lib [gcc_s]
    arg [-lgcc] ==> lib [gcc]
    arg [-lc] ==> lib [c]
    arg [-lgcc_s] ==> lib [gcc_s]
    arg [-lgcc] ==> lib [gcc]
    arg [/usr/lib/gcc/x86_64-redhat-linux/4.8.5/crtend.o] ==> ignore
    arg [/usr/lib/gcc/x86_64-redhat-linux/4.8.5/../../../../lib64/crtn.o] ==> ignore
  collapse library dir [/usr/lib/gcc/x86_64-redhat-linux/4.8.5] ==> [/usr/lib/gcc/x86_64-redhat-linux/4.8.5]
  collapse library dir [/usr/lib/gcc/x86_64-redhat-linux/4.8.5/../../../../lib64] ==> [/usr/lib64]
  collapse library dir [/lib/../lib64] ==> [/lib64]
  collapse library dir [/usr/lib/../lib64] ==> [/usr/lib64]
  collapse library dir [/apps/intel/psxe_2018_u3/clck/2018.3/lib/intel64] ==> [/apps/intel/psxe_2018_u3/clck/2018.3/lib/intel64]
  collapse library dir [/apps/intel/psxe_2018_u3/compilers_and_libraries_2018.3.222/linux/ipp/lib/intel64] ==> [/apps/intel/psxe_2018_u3/compilers_and_libraries_2018.3.222/linux/ipp/lib/intel64]
  collapse library dir [/apps/intel/psxe_2018_u3/compilers_and_libraries_2018.3.222/linux/compiler/lib/intel64_lin] ==> [/apps/intel/psxe_2018_u3/compilers_and_libraries_2018.3.222/linux/compiler/lib/intel64_lin]
  collapse library dir [/apps/intel/psxe_2018_u3/compilers_and_libraries_2018.3.222/linux/mkl/lib/intel64_lin] ==> [/apps/intel/psxe_2018_u3/compilers_and_libraries_2018.3.222/linux/mkl/lib/intel64_lin]
  collapse library dir [/apps/intel/psxe_2018_u3/compilers_and_libraries_2018.3.222/linux/tbb/lib/intel64/gcc4.7] ==> [/apps/intel/psxe_2018_u3/compilers_and_libraries_2018.3.222/linux/tbb/lib/intel64/gcc4.7]
  collapse library dir [/apps/intel/psxe_2018_u3/compilers_and_libraries_2018.3.222/linux/tbb/lib/intel64/gcc4.7] ==> [/apps/intel/psxe_2018_u3/compilers_and_libraries_2018.3.222/linux/tbb/lib/intel64/gcc4.7]
  collapse library dir [/apps/intel/psxe_2018_u3/compilers_and_libraries_2018.3.222/linux/daal/lib/intel64_lin] ==> [/apps/intel/psxe_2018_u3/compilers_and_libraries_2018.3.222/linux/daal/lib/intel64_lin]
  collapse library dir [/opt/intel_2019_up3/compilers_and_libraries_2019.3.199/linux/mpi/intel64/libfabric/lib] ==> [/opt/intel_2019_up3/compilers_and_libraries_2019.3.199/linux/mpi/intel64/libfabric/lib]
  collapse library dir [/opt/intel_2019_up3/compilers_and_libraries_2019.3.199/linux/compiler/lib/intel64_lin] ==> [/opt/intel_2019_up3/compilers_and_libraries_2019.3.199/linux/compiler/lib/intel64_lin]
  collapse library dir [/opt/intel_2019_up3/compilers_and_libraries_2019.3.199/linux/mkl/lib/intel64_lin] ==> [/opt/intel_2019_up3/compilers_and_libraries_2019.3.199/linux/mkl/lib/intel64_lin]
  collapse library dir [/opt/intel_2019_up3/compilers_and_libraries_2019.3.199/linux/mpi/intel64/libfabric/lib] ==> [/opt/intel_2019_up3/compilers_and_libraries_2019.3.199/linux/mpi/intel64/libfabric/lib]
  collapse library dir [/opt/intel_2019_up3/compilers_and_libraries_2019.3.199/linux/ipp/lib/intel64] ==> [/opt/intel_2019_up3/compilers_and_libraries_2019.3.199/linux/ipp/lib/intel64]
  collapse library dir [/opt/intel_2019_up3/compilers_and_libraries_2019.3.199/linux/compiler/lib/intel64_lin] ==> [/opt/intel_2019_up3/compilers_and_libraries_2019.3.199/linux/compiler/lib/intel64_lin]
  collapse library dir [/opt/intel_2019_up3/compilers_and_libraries_2019.3.199/linux/mkl/lib/intel64_lin] ==> [/opt/intel_2019_up3/compilers_and_libraries_2019.3.199/linux/mkl/lib/intel64_lin]
  collapse library dir [/opt/intel_2019_up3/compilers_and_libraries_2019.3.199/linux/tbb/lib/intel64/gcc4.7] ==> [/opt/intel_2019_up3/compilers_and_libraries_2019.3.199/linux/tbb/lib/intel64/gcc4.7]
  collapse library dir [/opt/intel_2019_up3/compilers_and_libraries_2019.3.199/linux/tbb/lib/intel64/gcc4.7] ==> [/opt/intel_2019_up3/compilers_and_libraries_2019.3.199/linux/tbb/lib/intel64/gcc4.7]
  collapse library dir [/opt/intel_2019_up3/compilers_and_libraries_2019.3.199/linux/daal/lib/intel64_lin] ==> [/opt/intel_2019_up3/compilers_and_libraries_2019.3.199/linux/daal/lib/intel64_lin]
  collapse library dir [/apps/intel/psxe_2018_u3/clck/2018.3/lib/intel64] ==> [/apps/intel/psxe_2018_u3/clck/2018.3/lib/intel64]
  collapse library dir [/apps/intel/psxe_2018_u3/compilers_and_libraries_2018.3.222/linux/ipp/lib/intel64] ==> [/apps/intel/psxe_2018_u3/compilers_and_libraries_2018.3.222/linux/ipp/lib/intel64]
  collapse library dir [/apps/intel/psxe_2018_u3/compilers_and_libraries_2018.3.222/linux/compiler/lib/intel64_lin] ==> [/apps/intel/psxe_2018_u3/compilers_and_libraries_2018.3.222/linux/compiler/lib/intel64_lin]
  collapse library dir [/apps/intel/psxe_2018_u3/compilers_and_libraries_2018.3.222/linux/mkl/lib/intel64_lin] ==> [/apps/intel/psxe_2018_u3/compilers_and_libraries_2018.3.222/linux/mkl/lib/intel64_lin]
  collapse library dir [/apps/intel/psxe_2018_u3/compilers_and_libraries_2018.3.222/linux/tbb/lib/intel64/gcc4.7] ==> [/apps/intel/psxe_2018_u3/compilers_and_libraries_2018.3.222/linux/tbb/lib/intel64/gcc4.7]
  collapse library dir [/apps/intel/psxe_2018_u3/compilers_and_libraries_2018.3.222/linux/tbb/lib/intel64/gcc4.7] ==> [/apps/intel/psxe_2018_u3/compilers_and_libraries_2018.3.222/linux/tbb/lib/intel64/gcc4.7]
  collapse library dir [/apps/intel/psxe_2018_u3/compilers_and_libraries_2018.3.222/linux/daal/lib/intel64_lin] ==> [/apps/intel/psxe_2018_u3/compilers_and_libraries_2018.3.222/linux/daal/lib/intel64_lin]
  collapse library dir [/apps/intel/psxe_2018_u3/compilers_and_libraries_2018.3.222/linux/daal/../tbb/lib/intel64_lin/gcc4.4] ==> [/apps/intel/psxe_2018_u3/compilers_and_libraries_2018.3.222/linux/tbb/lib/intel64_lin/gcc4.4]
  collapse library dir [/usr/lib/gcc/x86_64-redhat-linux/4.8.5/../../..] ==> [/usr/lib]
  implicit libs: [stdc++;m;gcc_s;gcc;c;gcc_s;gcc]
  implicit dirs: [/usr/lib/gcc/x86_64-redhat-linux/4.8.5;/usr/lib64;/lib64;/apps/intel/psxe_2018_u3/clck/2018.3/lib/intel64;/apps/intel/psxe_2018_u3/compilers_and_libraries_2018.3.222/linux/ipp/lib/intel64;/apps/intel/psxe_2018_u3/compilers_and_libraries_2018.3.222/linux/compiler/lib/intel64_lin;/apps/intel/psxe_2018_u3/compilers_and_libraries_2018.3.222/linux/mkl/lib/intel64_lin;/apps/intel/psxe_2018_u3/compilers_and_libraries_2018.3.222/linux/tbb/lib/intel64/gcc4.7;/apps/intel/psxe_2018_u3/compilers_and_libraries_2018.3.222/linux/daal/lib/intel64_lin;/opt/intel_2019_up3/compilers_and_libraries_2019.3.199/linux/mpi/intel64/libfabric/lib;/opt/intel_2019_up3/compilers_and_libraries_2019.3.199/linux/compiler/lib/intel64_lin;/opt/intel_2019_up3/compilers_and_libraries_2019.3.199/linux/mkl/lib/intel64_lin;/opt/intel_2019_up3/compilers_and_libraries_2019.3.199/linux/ipp/lib/intel64;/opt/intel_2019_up3/compilers_and_libraries_2019.3.199/linux/tbb/lib/intel64/gcc4.7;/opt/intel_2019_up3/compilers_and_libraries_2019.3.199/linux/daal/lib/intel64_lin;/apps/intel/psxe_2018_u3/compilers_and_libraries_2018.3.222/linux/tbb/lib/intel64_lin/gcc4.4;/usr/lib]
  implicit fwks: []




Detecting CXX [-std=c++1y] compiler features compiled with the following output:
Change Dir: /apps/software/relion-2.1_gaoxing/build/CMakeFiles/CMakeTmp

Run Build Command:"/usr/bin/gmake" "cmTC_c448b/fast"
gmake: Warning: File `Makefile' has modification time 87 s in the future
/usr/bin/gmake -f CMakeFiles/cmTC_c448b.dir/build.make CMakeFiles/cmTC_c448b.dir/build
gmake[1]: Entering directory `/apps/software/relion-2.1_gaoxing/build/CMakeFiles/CMakeTmp'
gmake[1]: Warning: File `CMakeFiles/cmTC_c448b.dir/flags.make' has modification time 87 s in the future
Building CXX object CMakeFiles/cmTC_c448b.dir/feature_tests.cxx.o
/usr/bin/c++    -std=c++1y -o CMakeFiles/cmTC_c448b.dir/feature_tests.cxx.o -c /apps/software/relion-2.1_gaoxing/build/CMakeFiles/feature_tests.cxx
Linking CXX executable cmTC_c448b
/apps/software/cmake/3.13.2/bin/cmake -E cmake_link_script CMakeFiles/cmTC_c448b.dir/link.txt --verbose=1
/usr/bin/c++       -rdynamic CMakeFiles/cmTC_c448b.dir/feature_tests.cxx.o  -o cmTC_c448b 
gmake[1]: warning:  Clock skew detected.  Your build may be incomplete.
gmake[1]: Leaving directory `/apps/software/relion-2.1_gaoxing/build/CMakeFiles/CMakeTmp'
gmake: warning:  Clock skew detected.  Your build may be incomplete.


    Feature record: CXX_FEATURE:0cxx_aggregate_default_initializers
    Feature record: CXX_FEATURE:1cxx_alias_templates
    Feature record: CXX_FEATURE:1cxx_alignas
    Feature record: CXX_FEATURE:1cxx_alignof
    Feature record: CXX_FEATURE:1cxx_attributes
    Feature record: CXX_FEATURE:0cxx_attribute_deprecated
    Feature record: CXX_FEATURE:1cxx_auto_type
    Feature record: CXX_FEATURE:0cxx_binary_literals
    Feature record: CXX_FEATURE:1cxx_constexpr
    Feature record: CXX_FEATURE:0cxx_contextual_conversions
    Feature record: CXX_FEATURE:1cxx_decltype
    Feature record: CXX_FEATURE:0cxx_decltype_auto
    Feature record: CXX_FEATURE:1cxx_decltype_incomplete_return_types
    Feature record: CXX_FEATURE:1cxx_default_function_template_args
    Feature record: CXX_FEATURE:1cxx_defaulted_functions
    Feature record: CXX_FEATURE:1cxx_defaulted_move_initializers
    Feature record: CXX_FEATURE:1cxx_delegating_constructors
    Feature record: CXX_FEATURE:1cxx_deleted_functions
    Feature record: CXX_FEATURE:0cxx_digit_separators
    Feature record: CXX_FEATURE:1cxx_enum_forward_declarations
    Feature record: CXX_FEATURE:1cxx_explicit_conversions
    Feature record: CXX_FEATURE:1cxx_extended_friend_declarations
    Feature record: CXX_FEATURE:1cxx_extern_templates
    Feature record: CXX_FEATURE:1cxx_final
    Feature record: CXX_FEATURE:1cxx_func_identifier
    Feature record: CXX_FEATURE:1cxx_generalized_initializers
    Feature record: CXX_FEATURE:0cxx_generic_lambdas
    Feature record: CXX_FEATURE:1cxx_inheriting_constructors
    Feature record: CXX_FEATURE:1cxx_inline_namespaces
    Feature record: CXX_FEATURE:1cxx_lambdas
    Feature record: CXX_FEATURE:0cxx_lambda_init_captures
    Feature record: CXX_FEATURE:1cxx_local_type_template_args
    Feature record: CXX_FEATURE:1cxx_long_long_type
    Feature record: CXX_FEATURE:1cxx_noexcept
    Feature record: CXX_FEATURE:1cxx_nonstatic_member_init
    Feature record: CXX_FEATURE:1cxx_nullptr
    Feature record: CXX_FEATURE:1cxx_override
    Feature record: CXX_FEATURE:1cxx_range_for
    Feature record: CXX_FEATURE:1cxx_raw_string_literals
    Feature record: CXX_FEATURE:1cxx_reference_qualified_functions
    Feature record: CXX_FEATURE:0cxx_relaxed_constexpr
    Feature record: CXX_FEATURE:0cxx_return_type_deduction
    Feature record: CXX_FEATURE:1cxx_right_angle_brackets
    Feature record: CXX_FEATURE:1cxx_rvalue_references
    Feature record: CXX_FEATURE:1cxx_sizeof_member
    Feature record: CXX_FEATURE:1cxx_static_assert
    Feature record: CXX_FEATURE:1cxx_strong_enums
    Feature record: CXX_FEATURE:1cxx_template_template_parameters
    Feature record: CXX_FEATURE:1cxx_thread_local
    Feature record: CXX_FEATURE:1cxx_trailing_return_types
    Feature record: CXX_FEATURE:1cxx_unicode_literals
    Feature record: CXX_FEATURE:1cxx_uniform_initialization
    Feature record: CXX_FEATURE:1cxx_unrestricted_unions
    Feature record: CXX_FEATURE:1cxx_user_literals
    Feature record: CXX_FEATURE:0cxx_variable_templates
    Feature record: CXX_FEATURE:1cxx_variadic_macros
    Feature record: CXX_FEATURE:1cxx_variadic_templates


Detecting CXX [-std=c++11] compiler features compiled with the following output:
Change Dir: /apps/software/relion-2.1_gaoxing/build/CMakeFiles/CMakeTmp

Run Build Command:"/usr/bin/gmake" "cmTC_e5b86/fast"
gmake: Warning: File `Makefile' has modification time 87 s in the future
/usr/bin/gmake -f CMakeFiles/cmTC_e5b86.dir/build.make CMakeFiles/cmTC_e5b86.dir/build
gmake[1]: Entering directory `/apps/software/relion-2.1_gaoxing/build/CMakeFiles/CMakeTmp'
gmake[1]: Warning: File `CMakeFiles/cmTC_e5b86.dir/flags.make' has modification time 87 s in the future
Building CXX object CMakeFiles/cmTC_e5b86.dir/feature_tests.cxx.o
/usr/bin/c++    -std=c++11 -o CMakeFiles/cmTC_e5b86.dir/feature_tests.cxx.o -c /apps/software/relion-2.1_gaoxing/build/CMakeFiles/feature_tests.cxx
Linking CXX executable cmTC_e5b86
/apps/software/cmake/3.13.2/bin/cmake -E cmake_link_script CMakeFiles/cmTC_e5b86.dir/link.txt --verbose=1
/usr/bin/c++       -rdynamic CMakeFiles/cmTC_e5b86.dir/feature_tests.cxx.o  -o cmTC_e5b86 
gmake[1]: warning:  Clock skew detected.  Your build may be incomplete.
gmake[1]: Leaving directory `/apps/software/relion-2.1_gaoxing/build/CMakeFiles/CMakeTmp'
gmake: warning:  Clock skew detected.  Your build may be incomplete.


    Feature record: CXX_FEATURE:0cxx_aggregate_default_initializers
    Feature record: CXX_FEATURE:1cxx_alias_templates
    Feature record: CXX_FEATURE:1cxx_alignas
    Feature record: CXX_FEATURE:1cxx_alignof
    Feature record: CXX_FEATURE:1cxx_attributes
    Feature record: CXX_FEATURE:0cxx_attribute_deprecated
    Feature record: CXX_FEATURE:1cxx_auto_type
    Feature record: CXX_FEATURE:0cxx_binary_literals
    Feature record: CXX_FEATURE:1cxx_constexpr
    Feature record: CXX_FEATURE:0cxx_contextual_conversions
    Feature record: CXX_FEATURE:1cxx_decltype
    Feature record: CXX_FEATURE:0cxx_decltype_auto
    Feature record: CXX_FEATURE:1cxx_decltype_incomplete_return_types
    Feature record: CXX_FEATURE:1cxx_default_function_template_args
    Feature record: CXX_FEATURE:1cxx_defaulted_functions
    Feature record: CXX_FEATURE:1cxx_defaulted_move_initializers
    Feature record: CXX_FEATURE:1cxx_delegating_constructors
    Feature record: CXX_FEATURE:1cxx_deleted_functions
    Feature record: CXX_FEATURE:0cxx_digit_separators
    Feature record: CXX_FEATURE:1cxx_enum_forward_declarations
    Feature record: CXX_FEATURE:1cxx_explicit_conversions
    Feature record: CXX_FEATURE:1cxx_extended_friend_declarations
    Feature record: CXX_FEATURE:1cxx_extern_templates
    Feature record: CXX_FEATURE:1cxx_final
    Feature record: CXX_FEATURE:1cxx_func_identifier
    Feature record: CXX_FEATURE:1cxx_generalized_initializers
    Feature record: CXX_FEATURE:0cxx_generic_lambdas
    Feature record: CXX_FEATURE:1cxx_inheriting_constructors
    Feature record: CXX_FEATURE:1cxx_inline_namespaces
    Feature record: CXX_FEATURE:1cxx_lambdas
    Feature record: CXX_FEATURE:0cxx_lambda_init_captures
    Feature record: CXX_FEATURE:1cxx_local_type_template_args
    Feature record: CXX_FEATURE:1cxx_long_long_type
    Feature record: CXX_FEATURE:1cxx_noexcept
    Feature record: CXX_FEATURE:1cxx_nonstatic_member_init
    Feature record: CXX_FEATURE:1cxx_nullptr
    Feature record: CXX_FEATURE:1cxx_override
    Feature record: CXX_FEATURE:1cxx_range_for
    Feature record: CXX_FEATURE:1cxx_raw_string_literals
    Feature record: CXX_FEATURE:1cxx_reference_qualified_functions
    Feature record: CXX_FEATURE:0cxx_relaxed_constexpr
    Feature record: CXX_FEATURE:0cxx_return_type_deduction
    Feature record: CXX_FEATURE:1cxx_right_angle_brackets
    Feature record: CXX_FEATURE:1cxx_rvalue_references
    Feature record: CXX_FEATURE:1cxx_sizeof_member
    Feature record: CXX_FEATURE:1cxx_static_assert
    Feature record: CXX_FEATURE:1cxx_strong_enums
    Feature record: CXX_FEATURE:1cxx_template_template_parameters
    Feature record: CXX_FEATURE:1cxx_thread_local
    Feature record: CXX_FEATURE:1cxx_trailing_return_types
    Feature record: CXX_FEATURE:1cxx_unicode_literals
    Feature record: CXX_FEATURE:1cxx_uniform_initialization
    Feature record: CXX_FEATURE:1cxx_unrestricted_unions
    Feature record: CXX_FEATURE:1cxx_user_literals
    Feature record: CXX_FEATURE:0cxx_variable_templates
    Feature record: CXX_FEATURE:1cxx_variadic_macros
    Feature record: CXX_FEATURE:1cxx_variadic_templates


Detecting CXX [-std=c++98] compiler features compiled with the following output:
Change Dir: /apps/software/relion-2.1_gaoxing/build/CMakeFiles/CMakeTmp

Run Build Command:"/usr/bin/gmake" "cmTC_57efa/fast"
gmake: Warning: File `Makefile' has modification time 87 s in the future
/usr/bin/gmake -f CMakeFiles/cmTC_57efa.dir/build.make CMakeFiles/cmTC_57efa.dir/build
gmake[1]: Entering directory `/apps/software/relion-2.1_gaoxing/build/CMakeFiles/CMakeTmp'
gmake[1]: Warning: File `CMakeFiles/cmTC_57efa.dir/flags.make' has modification time 87 s in the future
Building CXX object CMakeFiles/cmTC_57efa.dir/feature_tests.cxx.o
/usr/bin/c++    -std=c++98 -o CMakeFiles/cmTC_57efa.dir/feature_tests.cxx.o -c /apps/software/relion-2.1_gaoxing/build/CMakeFiles/feature_tests.cxx
Linking CXX executable cmTC_57efa
/apps/software/cmake/3.13.2/bin/cmake -E cmake_link_script CMakeFiles/cmTC_57efa.dir/link.txt --verbose=1
/usr/bin/c++       -rdynamic CMakeFiles/cmTC_57efa.dir/feature_tests.cxx.o  -o cmTC_57efa 
gmake[1]: warning:  Clock skew detected.  Your build may be incomplete.
gmake[1]: Leaving directory `/apps/software/relion-2.1_gaoxing/build/CMakeFiles/CMakeTmp'
gmake: warning:  Clock skew detected.  Your build may be incomplete.


    Feature record: CXX_FEATURE:0cxx_aggregate_default_initializers
    Feature record: CXX_FEATURE:0cxx_alias_templates
    Feature record: CXX_FEATURE:0cxx_alignas
    Feature record: CXX_FEATURE:0cxx_alignof
    Feature record: CXX_FEATURE:0cxx_attributes
    Feature record: CXX_FEATURE:0cxx_attribute_deprecated
    Feature record: CXX_FEATURE:0cxx_auto_type
    Feature record: CXX_FEATURE:0cxx_binary_literals
    Feature record: CXX_FEATURE:0cxx_constexpr
    Feature record: CXX_FEATURE:0cxx_contextual_conversions
    Feature record: CXX_FEATURE:0cxx_decltype
    Feature record: CXX_FEATURE:0cxx_decltype_auto
    Feature record: CXX_FEATURE:0cxx_decltype_incomplete_return_types
    Feature record: CXX_FEATURE:0cxx_default_function_template_args
    Feature record: CXX_FEATURE:0cxx_defaulted_functions
    Feature record: CXX_FEATURE:0cxx_defaulted_move_initializers
    Feature record: CXX_FEATURE:0cxx_delegating_constructors
    Feature record: CXX_FEATURE:0cxx_deleted_functions
    Feature record: CXX_FEATURE:0cxx_digit_separators
    Feature record: CXX_FEATURE:0cxx_enum_forward_declarations
    Feature record: CXX_FEATURE:0cxx_explicit_conversions
    Feature record: CXX_FEATURE:0cxx_extended_friend_declarations
    Feature record: CXX_FEATURE:0cxx_extern_templates
    Feature record: CXX_FEATURE:0cxx_final
    Feature record: CXX_FEATURE:0cxx_func_identifier
    Feature record: CXX_FEATURE:0cxx_generalized_initializers
    Feature record: CXX_FEATURE:0cxx_generic_lambdas
    Feature record: CXX_FEATURE:0cxx_inheriting_constructors
    Feature record: CXX_FEATURE:0cxx_inline_namespaces
    Feature record: CXX_FEATURE:0cxx_lambdas
    Feature record: CXX_FEATURE:0cxx_lambda_init_captures
    Feature record: CXX_FEATURE:0cxx_local_type_template_args
    Feature record: CXX_FEATURE:0cxx_long_long_type
    Feature record: CXX_FEATURE:0cxx_noexcept
    Feature record: CXX_FEATURE:0cxx_nonstatic_member_init
    Feature record: CXX_FEATURE:0cxx_nullptr
    Feature record: CXX_FEATURE:0cxx_override
    Feature record: CXX_FEATURE:0cxx_range_for
    Feature record: CXX_FEATURE:0cxx_raw_string_literals
    Feature record: CXX_FEATURE:0cxx_reference_qualified_functions
    Feature record: CXX_FEATURE:0cxx_relaxed_constexpr
    Feature record: CXX_FEATURE:0cxx_return_type_deduction
    Feature record: CXX_FEATURE:0cxx_right_angle_brackets
    Feature record: CXX_FEATURE:0cxx_rvalue_references
    Feature record: CXX_FEATURE:0cxx_sizeof_member
    Feature record: CXX_FEATURE:0cxx_static_assert
    Feature record: CXX_FEATURE:0cxx_strong_enums
    Feature record: CXX_FEATURE:1cxx_template_template_parameters
    Feature record: CXX_FEATURE:0cxx_thread_local
    Feature record: CXX_FEATURE:0cxx_trailing_return_types
    Feature record: CXX_FEATURE:0cxx_unicode_literals
    Feature record: CXX_FEATURE:0cxx_uniform_initialization
    Feature record: CXX_FEATURE:0cxx_unrestricted_unions
    Feature record: CXX_FEATURE:0cxx_user_literals
    Feature record: CXX_FEATURE:0cxx_variable_templates
    Feature record: CXX_FEATURE:0cxx_variadic_macros
    Feature record: CXX_FEATURE:0cxx_variadic_templates
Determining if the include file pthread.h exists passed with the following output:
Change Dir: /apps/software/relion-2.1_gaoxing/build/CMakeFiles/CMakeTmp

Run Build Command:"/usr/bin/gmake" "cmTC_6819f/fast"
gmake: Warning: File `Makefile' has modification time 87 s in the future
/usr/bin/gmake -f CMakeFiles/cmTC_6819f.dir/build.make CMakeFiles/cmTC_6819f.dir/build
gmake[1]: Entering directory `/apps/software/relion-2.1_gaoxing/build/CMakeFiles/CMakeTmp'
gmake[1]: Warning: File `CMakeFiles/cmTC_6819f.dir/flags.make' has modification time 87 s in the future
Building C object CMakeFiles/cmTC_6819f.dir/CheckIncludeFile.c.o
/usr/bin/cc   -fPIC    -o CMakeFiles/cmTC_6819f.dir/CheckIncludeFile.c.o   -c /apps/software/relion-2.1_gaoxing/build/CMakeFiles/CMakeTmp/CheckIncludeFile.c
Linking C executable cmTC_6819f
/apps/software/cmake/3.13.2/bin/cmake -E cmake_link_script CMakeFiles/cmTC_6819f.dir/link.txt --verbose=1
/usr/bin/cc -fPIC     -rdynamic CMakeFiles/cmTC_6819f.dir/CheckIncludeFile.c.o  -o cmTC_6819f 
gmake[1]: warning:  Clock skew detected.  Your build may be incomplete.
gmake[1]: Leaving directory `/apps/software/relion-2.1_gaoxing/build/CMakeFiles/CMakeTmp'
gmake: warning:  Clock skew detected.  Your build may be incomplete.


Determining if the function pthread_create exists in the pthread passed with the following output:
Change Dir: /apps/software/relion-2.1_gaoxing/build/CMakeFiles/CMakeTmp

Run Build Command:"/usr/bin/gmake" "cmTC_3869f/fast"
gmake: Warning: File `Makefile' has modification time 87 s in the future
/usr/bin/gmake -f CMakeFiles/cmTC_3869f.dir/build.make CMakeFiles/cmTC_3869f.dir/build
gmake[1]: Entering directory `/apps/software/relion-2.1_gaoxing/build/CMakeFiles/CMakeTmp'
gmake[1]: Warning: File `CMakeFiles/cmTC_3869f.dir/flags.make' has modification time 87 s in the future
Building C object CMakeFiles/cmTC_3869f.dir/CheckFunctionExists.c.o
/usr/bin/cc   -fPIC -DCHECK_FUNCTION_EXISTS=pthread_create   -o CMakeFiles/cmTC_3869f.dir/CheckFunctionExists.c.o   -c /apps/software/cmake/3.13.2/share/cmake-3.13/Modules/CheckFunctionExists.c
Linking C executable cmTC_3869f
/apps/software/cmake/3.13.2/bin/cmake -E cmake_link_script CMakeFiles/cmTC_3869f.dir/link.txt --verbose=1
/usr/bin/cc -fPIC -DCHECK_FUNCTION_EXISTS=pthread_create    -rdynamic CMakeFiles/cmTC_3869f.dir/CheckFunctionExists.c.o  -o cmTC_3869f -lpthread 
gmake[1]: warning:  Clock skew detected.  Your build may be incomplete.
gmake[1]: Leaving directory `/apps/software/relion-2.1_gaoxing/build/CMakeFiles/CMakeTmp'
gmake: warning:  Clock skew detected.  Your build may be incomplete.


Determining if the function XOpenDisplay exists in the /usr/lib64/libX11.so passed with the following output:
Change Dir: /apps/software/relion-2.1_gaoxing/build/CMakeFiles/CMakeTmp

Run Build Command:"/usr/bin/gmake" "cmTC_90bd1/fast"
gmake: Warning: File `Makefile' has modification time 87 s in the future
/usr/bin/gmake -f CMakeFiles/cmTC_90bd1.dir/build.make CMakeFiles/cmTC_90bd1.dir/build
gmake[1]: Entering directory `/apps/software/relion-2.1_gaoxing/build/CMakeFiles/CMakeTmp'
gmake[1]: Warning: File `CMakeFiles/cmTC_90bd1.dir/flags.make' has modification time 87 s in the future
Building C object CMakeFiles/cmTC_90bd1.dir/CheckFunctionExists.c.o
/usr/bin/cc   -DCHECK_FUNCTION_EXISTS=XOpenDisplay   -o CMakeFiles/cmTC_90bd1.dir/CheckFunctionExists.c.o   -c /apps/software/cmake/3.13.2/share/cmake-3.13/Modules/CheckFunctionExists.c
Linking C executable cmTC_90bd1
/apps/software/cmake/3.13.2/bin/cmake -E cmake_link_script CMakeFiles/cmTC_90bd1.dir/link.txt --verbose=1
/usr/bin/cc  -DCHECK_FUNCTION_EXISTS=XOpenDisplay    -rdynamic CMakeFiles/cmTC_90bd1.dir/CheckFunctionExists.c.o  -o cmTC_90bd1 /usr/lib64/libX11.so 
gmake[1]: warning:  Clock skew detected.  Your build may be incomplete.
gmake[1]: Leaving directory `/apps/software/relion-2.1_gaoxing/build/CMakeFiles/CMakeTmp'
gmake: warning:  Clock skew detected.  Your build may be incomplete.


Determining if the function gethostbyname exists passed with the following output:
Change Dir: /apps/software/relion-2.1_gaoxing/build/CMakeFiles/CMakeTmp

Run Build Command:"/usr/bin/gmake" "cmTC_8d6d4/fast"
gmake: Warning: File `Makefile' has modification time 87 s in the future
/usr/bin/gmake -f CMakeFiles/cmTC_8d6d4.dir/build.make CMakeFiles/cmTC_8d6d4.dir/build
gmake[1]: Entering directory `/apps/software/relion-2.1_gaoxing/build/CMakeFiles/CMakeTmp'
gmake[1]: Warning: File `CMakeFiles/cmTC_8d6d4.dir/flags.make' has modification time 87 s in the future
Building C object CMakeFiles/cmTC_8d6d4.dir/CheckFunctionExists.c.o
/usr/bin/cc   -DCHECK_FUNCTION_EXISTS=gethostbyname   -o CMakeFiles/cmTC_8d6d4.dir/CheckFunctionExists.c.o   -c /apps/software/cmake/3.13.2/share/cmake-3.13/Modules/CheckFunctionExists.c
Linking C executable cmTC_8d6d4
/apps/software/cmake/3.13.2/bin/cmake -E cmake_link_script CMakeFiles/cmTC_8d6d4.dir/link.txt --verbose=1
/usr/bin/cc  -DCHECK_FUNCTION_EXISTS=gethostbyname    -rdynamic CMakeFiles/cmTC_8d6d4.dir/CheckFunctionExists.c.o  -o cmTC_8d6d4 
gmake[1]: warning:  Clock skew detected.  Your build may be incomplete.
gmake[1]: Leaving directory `/apps/software/relion-2.1_gaoxing/build/CMakeFiles/CMakeTmp'
gmake: warning:  Clock skew detected.  Your build may be incomplete.


Determining if the function connect exists passed with the following output:
Change Dir: /apps/software/relion-2.1_gaoxing/build/CMakeFiles/CMakeTmp

Run Build Command:"/usr/bin/gmake" "cmTC_82195/fast"
gmake: Warning: File `Makefile' has modification time 87 s in the future
/usr/bin/gmake -f CMakeFiles/cmTC_82195.dir/build.make CMakeFiles/cmTC_82195.dir/build
gmake[1]: Entering directory `/apps/software/relion-2.1_gaoxing/build/CMakeFiles/CMakeTmp'
gmake[1]: Warning: File `CMakeFiles/cmTC_82195.dir/flags.make' has modification time 87 s in the future
Building C object CMakeFiles/cmTC_82195.dir/CheckFunctionExists.c.o
/usr/bin/cc   -DCHECK_FUNCTION_EXISTS=connect   -o CMakeFiles/cmTC_82195.dir/CheckFunctionExists.c.o   -c /apps/software/cmake/3.13.2/share/cmake-3.13/Modules/CheckFunctionExists.c
Linking C executable cmTC_82195
/apps/software/cmake/3.13.2/bin/cmake -E cmake_link_script CMakeFiles/cmTC_82195.dir/link.txt --verbose=1
/usr/bin/cc  -DCHECK_FUNCTION_EXISTS=connect    -rdynamic CMakeFiles/cmTC_82195.dir/CheckFunctionExists.c.o  -o cmTC_82195 
gmake[1]: warning:  Clock skew detected.  Your build may be incomplete.
gmake[1]: Leaving directory `/apps/software/relion-2.1_gaoxing/build/CMakeFiles/CMakeTmp'
gmake: warning:  Clock skew detected.  Your build may be incomplete.


Determining if the function remove exists passed with the following output:
Change Dir: /apps/software/relion-2.1_gaoxing/build/CMakeFiles/CMakeTmp

Run Build Command:"/usr/bin/gmake" "cmTC_1e933/fast"
gmake: Warning: File `Makefile' has modification time 87 s in the future
/usr/bin/gmake -f CMakeFiles/cmTC_1e933.dir/build.make CMakeFiles/cmTC_1e933.dir/build
gmake[1]: Entering directory `/apps/software/relion-2.1_gaoxing/build/CMakeFiles/CMakeTmp'
gmake[1]: Warning: File `CMakeFiles/cmTC_1e933.dir/flags.make' has modification time 87 s in the future
Building C object CMakeFiles/cmTC_1e933.dir/CheckFunctionExists.c.o
/usr/bin/cc   -DCHECK_FUNCTION_EXISTS=remove   -o CMakeFiles/cmTC_1e933.dir/CheckFunctionExists.c.o   -c /apps/software/cmake/3.13.2/share/cmake-3.13/Modules/CheckFunctionExists.c
Linking C executable cmTC_1e933
/apps/software/cmake/3.13.2/bin/cmake -E cmake_link_script CMakeFiles/cmTC_1e933.dir/link.txt --verbose=1
/usr/bin/cc  -DCHECK_FUNCTION_EXISTS=remove    -rdynamic CMakeFiles/cmTC_1e933.dir/CheckFunctionExists.c.o  -o cmTC_1e933 
gmake[1]: warning:  Clock skew detected.  Your build may be incomplete.
gmake[1]: Leaving directory `/apps/software/relion-2.1_gaoxing/build/CMakeFiles/CMakeTmp'
gmake: warning:  Clock skew detected.  Your build may be incomplete.


Determining if the function shmat exists passed with the following output:
Change Dir: /apps/software/relion-2.1_gaoxing/build/CMakeFiles/CMakeTmp

Run Build Command:"/usr/bin/gmake" "cmTC_444e5/fast"
gmake: Warning: File `Makefile' has modification time 87 s in the future
/usr/bin/gmake -f CMakeFiles/cmTC_444e5.dir/build.make CMakeFiles/cmTC_444e5.dir/build
gmake[1]: Entering directory `/apps/software/relion-2.1_gaoxing/build/CMakeFiles/CMakeTmp'
gmake[1]: Warning: File `CMakeFiles/cmTC_444e5.dir/flags.make' has modification time 87 s in the future
Building C object CMakeFiles/cmTC_444e5.dir/CheckFunctionExists.c.o
/usr/bin/cc   -DCHECK_FUNCTION_EXISTS=shmat   -o CMakeFiles/cmTC_444e5.dir/CheckFunctionExists.c.o   -c /apps/software/cmake/3.13.2/share/cmake-3.13/Modules/CheckFunctionExists.c
Linking C executable cmTC_444e5
/apps/software/cmake/3.13.2/bin/cmake -E cmake_link_script CMakeFiles/cmTC_444e5.dir/link.txt --verbose=1
/usr/bin/cc  -DCHECK_FUNCTION_EXISTS=shmat    -rdynamic CMakeFiles/cmTC_444e5.dir/CheckFunctionExists.c.o  -o cmTC_444e5 
gmake[1]: warning:  Clock skew detected.  Your build may be incomplete.
gmake[1]: Leaving directory `/apps/software/relion-2.1_gaoxing/build/CMakeFiles/CMakeTmp'
gmake: warning:  Clock skew detected.  Your build may be incomplete.


Determining if the sincos exist passed with the following output:
Change Dir: /apps/software/relion-2.1_gaoxing/build/CMakeFiles/CMakeTmp

Run Build Command:"/usr/bin/gmake" "cmTC_cb136/fast"
gmake: Warning: File `Makefile' has modification time 87 s in the future
/usr/bin/gmake -f CMakeFiles/cmTC_cb136.dir/build.make CMakeFiles/cmTC_cb136.dir/build
gmake[1]: Entering directory `/apps/software/relion-2.1_gaoxing/build/CMakeFiles/CMakeTmp'
gmake[1]: Warning: File `CMakeFiles/cmTC_cb136.dir/flags.make' has modification time 87 s in the future
Building CXX object CMakeFiles/cmTC_cb136.dir/CheckSymbolExists.cxx.o
/usr/bin/c++     -o CMakeFiles/cmTC_cb136.dir/CheckSymbolExists.cxx.o -c /apps/software/relion-2.1_gaoxing/build/CMakeFiles/CMakeTmp/CheckSymbolExists.cxx
Linking CXX executable cmTC_cb136
/apps/software/cmake/3.13.2/bin/cmake -E cmake_link_script CMakeFiles/cmTC_cb136.dir/link.txt --verbose=1
/usr/bin/c++       -rdynamic CMakeFiles/cmTC_cb136.dir/CheckSymbolExists.cxx.o  -o cmTC_cb136 
gmake[1]: warning:  Clock skew detected.  Your build may be incomplete.
gmake[1]: Leaving directory `/apps/software/relion-2.1_gaoxing/build/CMakeFiles/CMakeTmp'
gmake: warning:  Clock skew detected.  Your build may be incomplete.

File /apps/software/relion-2.1_gaoxing/build/CMakeFiles/CMakeTmp/CheckSymbolExists.cxx:
/* */
#include <math.h>

int main(int argc, char** argv)
{
  (void)argv;
#ifndef sincos
  return ((int*)(&sincos))[argc];
#else
  (void)argc;
  return 0;
#endif
}

